Indexing opening suite...
Started game 1 of 100 (Ensemble vs RLM)
Started game 3 of 100 (Ensemble vs RLM)
Started game 5 of 100 (Ensemble vs RLM)
Started game 2 of 100 (RLM vs Ensemble)
Started game 4 of 100 (RLM vs Ensemble)
Started game 6 of 100 (RLM vs Ensemble)
Finished game 6 (RLM vs Ensemble): 0-1 {Black mates}
Started game 7 of 100 (Ensemble vs RLM)
Finished game 1 (Ensemble vs RLM): 1-0 {White mates}
Started game 8 of 100 (RLM vs Ensemble)
Finished game 4 (RLM vs Ensemble): 0-1 {Black mates}
Started game 9 of 100 (Ensemble vs RLM)
Finished game 7 (Ensemble vs RLM): 1-0 {White mates}
Started game 10 of 100 (RLM vs Ensemble)
Finished game 2 (RLM vs Ensemble): 0-1 {Black mates}
Started game 11 of 100 (Ensemble vs RLM)
Finished game 5 (Ensemble vs RLM): 1-0 {White mates}
Started game 12 of 100 (RLM vs Ensemble)
Finished game 3 (Ensemble vs RLM): 1-0 {White mates}
Started game 13 of 100 (Ensemble vs RLM)
Finished game 13 (Ensemble vs RLM): 1-0 {White mates}
Started game 14 of 100 (RLM vs Ensemble)
Finished game 8 (RLM vs Ensemble): 0-1 {Black mates}
Started game 15 of 100 (Ensemble vs RLM)
Finished game 12 (RLM vs Ensemble): 0-1 {Black mates}
Started game 16 of 100 (RLM vs Ensemble)
Finished game 9 (Ensemble vs RLM): 1-0 {White mates}
Started game 17 of 100 (Ensemble vs RLM)
Finished game 11 (Ensemble vs RLM): 1-0 {White mates}
Started game 18 of 100 (RLM vs Ensemble)
Finished game 17 (Ensemble vs RLM): 1-0 {White mates}
Started game 19 of 100 (Ensemble vs RLM)
Finished game 15 (Ensemble vs RLM): 1-0 {White mates}
Started game 20 of 100 (RLM vs Ensemble)
Finished game 14 (RLM vs Ensemble): 0-1 {Black mates}
Started game 21 of 100 (Ensemble vs RLM)
Finished game 16 (RLM vs Ensemble): 0-1 {Black mates}
Started game 22 of 100 (RLM vs Ensemble)
Finished game 10 (RLM vs Ensemble): 0-1 {Black mates}
Started game 23 of 100 (Ensemble vs RLM)
Finished game 18 (RLM vs Ensemble): 0-1 {Black mates}
Started game 24 of 100 (RLM vs Ensemble)
Finished game 19 (Ensemble vs RLM): 1-0 {White mates}
Started game 25 of 100 (Ensemble vs RLM)
Finished game 21 (Ensemble vs RLM): 1-0 {White mates}
Started game 26 of 100 (RLM vs Ensemble)
Finished game 20 (RLM vs Ensemble): 0-1 {Black mates}
--------------------------------------------------
Results of Ensemble vs RLM (10+0.1, NULL, NULL, 8mvs_+90_+99.epd):
Elo: inf +/- nan, nElo: inf +/- nan
LOS: 100.00 %, DrawRatio: 0.00 %, PairsRatio: inf
Games: 20, Wins: 20, Losses: 0, Draws: 0, Points: 20.0 (100.00 %)
Ptnml(0-2): [0, 0, 0, 0, 10], WL/DD Ratio: nan
--------------------------------------------------
Started game 27 of 100 (Ensemble vs RLM)
Finished game 22 (RLM vs Ensemble): 0-1 {Black mates}
Started game 28 of 100 (RLM vs Ensemble)
Finished game 23 (Ensemble vs RLM): 1-0 {White mates}
Started game 29 of 100 (Ensemble vs RLM)
Finished game 24 (RLM vs Ensemble): 0-1 {Black mates}
Started game 30 of 100 (RLM vs Ensemble)
Finished game 27 (Ensemble vs RLM): 1-0 {White mates}
Started game 31 of 100 (Ensemble vs RLM)
Finished game 25 (Ensemble vs RLM): 1-0 {White mates}
Started game 32 of 100 (RLM vs Ensemble)
Finished game 26 (RLM vs Ensemble): 0-1 {Black mates}
Started game 33 of 100 (Ensemble vs RLM)
Finished game 29 (Ensemble vs RLM): 1-0 {White mates}
Started game 34 of 100 (RLM vs Ensemble)
Finished game 32 (RLM vs Ensemble): 0-1 {Black mates}
Started game 35 of 100 (Ensemble vs RLM)
Finished game 30 (RLM vs Ensemble): 0-1 {Black mates}
Started game 36 of 100 (RLM vs Ensemble)
Finished game 28 (RLM vs Ensemble): 0-1 {Black mates}
Started game 37 of 100 (Ensemble vs RLM)
Finished game 31 (Ensemble vs RLM): 1-0 {White mates}
Started game 38 of 100 (RLM vs Ensemble)
Finished game 34 (RLM vs Ensemble): 0-1 {Black mates}
Started game 39 of 100 (Ensemble vs RLM)
Finished game 33 (Ensemble vs RLM): 1-0 {White mates}
Started game 40 of 100 (RLM vs Ensemble)
Finished game 35 (Ensemble vs RLM): 1-0 {White mates}
Started game 41 of 100 (Ensemble vs RLM)
Finished game 38 (RLM vs Ensemble): 0-1 {Black mates}
Started game 42 of 100 (RLM vs Ensemble)
Finished game 36 (RLM vs Ensemble): 0-1 {Black mates}
Started game 43 of 100 (Ensemble vs RLM)
Finished game 41 (Ensemble vs RLM): 1-0 {White mates}
Started game 44 of 100 (RLM vs Ensemble)
Finished game 37 (Ensemble vs RLM): 1-0 {White mates}
Started game 45 of 100 (Ensemble vs RLM)
Finished game 43 (Ensemble vs RLM): 1-0 {White mates}
Started game 46 of 100 (RLM vs Ensemble)
Finished game 45 (Ensemble vs RLM): 1-0 {White mates}
Started game 47 of 100 (Ensemble vs RLM)
Finished game 44 (RLM vs Ensemble): 0-1 {Black mates}
Started game 48 of 100 (RLM vs Ensemble)
Finished game 40 (RLM vs Ensemble): 0-1 {Black mates}
Started game 49 of 100 (Ensemble vs RLM)
Finished game 39 (Ensemble vs RLM): 1-0 {White mates}
--------------------------------------------------
Results of Ensemble vs RLM (10+0.1, NULL, NULL, 8mvs_+90_+99.epd):
Elo: inf +/- nan, nElo: inf +/- nan
LOS: 100.00 %, DrawRatio: 0.00 %, PairsRatio: inf
Games: 42, Wins: 42, Losses: 0, Draws: 0, Points: 42.0 (100.00 %)
Ptnml(0-2): [0, 0, 0, 0, 21], WL/DD Ratio: nan
--------------------------------------------------
Started game 50 of 100 (RLM vs Ensemble)
Finished game 48 (RLM vs Ensemble): 0-1 {Black mates}
Started game 51 of 100 (Ensemble vs RLM)
Finished game 42 (RLM vs Ensemble): 0-1 {Black mates}
Started game 52 of 100 (RLM vs Ensemble)
Finished game 47 (Ensemble vs RLM): 1-0 {White mates}
Started game 53 of 100 (Ensemble vs RLM)
Finished game 46 (RLM vs Ensemble): 0-1 {Black mates}
Started game 54 of 100 (RLM vs Ensemble)
Finished game 49 (Ensemble vs RLM): 1-0 {White mates}
Started game 55 of 100 (Ensemble vs RLM)
Finished game 52 (RLM vs Ensemble): 0-1 {Black mates}
Started game 56 of 100 (RLM vs Ensemble)
Finished game 53 (Ensemble vs RLM): 1-0 {White mates}
Started game 57 of 100 (Ensemble vs RLM)
Finished game 51 (Ensemble vs RLM): 1-0 {White mates}
Started game 58 of 100 (RLM vs Ensemble)
Finished game 50 (RLM vs Ensemble): 0-1 {Black mates}
Started game 59 of 100 (Ensemble vs RLM)
Finished game 55 (Ensemble vs RLM): 1-0 {White mates}
Started game 60 of 100 (RLM vs Ensemble)
Finished game 54 (RLM vs Ensemble): 0-1 {Black mates}
Started game 61 of 100 (Ensemble vs RLM)
Finished game 61 (Ensemble vs RLM): 1-0 {White mates}
Started game 62 of 100 (RLM vs Ensemble)
Finished game 57 (Ensemble vs RLM): 1-0 {White mates}
Started game 63 of 100 (Ensemble vs RLM)
Finished game 56 (RLM vs Ensemble): 0-1 {Black mates}
Started game 64 of 100 (RLM vs Ensemble)
Finished game 60 (RLM vs Ensemble): 0-1 {Black mates}
Started game 65 of 100 (Ensemble vs RLM)
Finished game 62 (RLM vs Ensemble): 0-1 {Black mates}
Started game 66 of 100 (RLM vs Ensemble)
Finished game 59 (Ensemble vs RLM): 1-0 {White mates}
--------------------------------------------------
Results of Ensemble vs RLM (10+0.1, NULL, NULL, 8mvs_+90_+99.epd):
Elo: inf +/- nan, nElo: inf +/- nan
LOS: 100.00 %, DrawRatio: 0.00 %, PairsRatio: inf
Games: 60, Wins: 60, Losses: 0, Draws: 0, Points: 60.0 (100.00 %)
Ptnml(0-2): [0, 0, 0, 0, 30], WL/DD Ratio: nan
--------------------------------------------------
Started game 67 of 100 (Ensemble vs RLM)
Finished game 66 (RLM vs Ensemble): 0-1 {Black mates}
Started game 68 of 100 (RLM vs Ensemble)
Finished game 58 (RLM vs Ensemble): 0-1 {Black mates}
Started game 69 of 100 (Ensemble vs RLM)
Finished game 64 (RLM vs Ensemble): 0-1 {Black mates}
Started game 70 of 100 (RLM vs Ensemble)
Finished game 63 (Ensemble vs RLM): 1-0 {White mates}
Started game 71 of 100 (Ensemble vs RLM)
Finished game 67 (Ensemble vs RLM): 1-0 {White mates}
Started game 72 of 100 (RLM vs Ensemble)
Finished game 71 (Ensemble vs RLM): 1-0 {White mates}
Started game 73 of 100 (Ensemble vs RLM)
Finished game 68 (RLM vs Ensemble): 0-1 {Black mates}
Started game 74 of 100 (RLM vs Ensemble)
Finished game 69 (Ensemble vs RLM): 1-0 {White mates}
Started game 75 of 100 (Ensemble vs RLM)
Finished game 70 (RLM vs Ensemble): 0-1 {Black mates}
Started game 76 of 100 (RLM vs Ensemble)
Finished game 65 (Ensemble vs RLM): 1-0 {White mates}
Started game 77 of 100 (Ensemble vs RLM)
Finished game 72 (RLM vs Ensemble): 0-1 {Black mates}
Started game 78 of 100 (RLM vs Ensemble)
Finished game 75 (Ensemble vs RLM): 1-0 {White mates}
Started game 79 of 100 (Ensemble vs RLM)
Finished game 76 (RLM vs Ensemble): 0-1 {Black mates}
Started game 80 of 100 (RLM vs Ensemble)
Finished game 77 (Ensemble vs RLM): 1-0 {White mates}
Started game 81 of 100 (Ensemble vs RLM)
Finished game 73 (Ensemble vs RLM): 1-0 {White mates}
Started game 82 of 100 (RLM vs Ensemble)
Finished game 78 (RLM vs Ensemble): 0-1 {Black mates}
Started game 83 of 100 (Ensemble vs RLM)
Finished game 79 (Ensemble vs RLM): 1-0 {White mates}
Started game 84 of 100 (RLM vs Ensemble)
Finished game 74 (RLM vs Ensemble): 0-1 {Black mates}
Started game 85 of 100 (Ensemble vs RLM)
Finished game 83 (Ensemble vs RLM): 1-0 {White mates}
Started game 86 of 100 (RLM vs Ensemble)
Finished game 81 (Ensemble vs RLM): 1-0 {White mates}
Started game 87 of 100 (Ensemble vs RLM)
Finished game 80 (RLM vs Ensemble): 0-1 {Black mates}
--------------------------------------------------
Results of Ensemble vs RLM (10+0.1, NULL, NULL, 8mvs_+90_+99.epd):
Elo: inf +/- nan, nElo: inf +/- nan
LOS: 100.00 %, DrawRatio: 0.00 %, PairsRatio: inf
Games: 80, Wins: 80, Losses: 0, Draws: 0, Points: 80.0 (100.00 %)
Ptnml(0-2): [0, 0, 0, 0, 40], WL/DD Ratio: nan
--------------------------------------------------
Started game 88 of 100 (RLM vs Ensemble)
Finished game 84 (RLM vs Ensemble): 0-1 {Black mates}
Started game 89 of 100 (Ensemble vs RLM)
Finished game 82 (RLM vs Ensemble): 0-1 {Black mates}
Started game 90 of 100 (RLM vs Ensemble)
Finished game 86 (RLM vs Ensemble): 0-1 {Black mates}
Started game 91 of 100 (Ensemble vs RLM)
Finished game 87 (Ensemble vs RLM): 1-0 {White mates}
Started game 92 of 100 (RLM vs Ensemble)
Finished game 85 (Ensemble vs RLM): 1-0 {White mates}
Started game 93 of 100 (Ensemble vs RLM)
Finished game 89 (Ensemble vs RLM): 1-0 {White mates}
Started game 94 of 100 (RLM vs Ensemble)
Finished game 88 (RLM vs Ensemble): 0-1 {Black mates}
Started game 95 of 100 (Ensemble vs RLM)
Finished game 93 (Ensemble vs RLM): 1-0 {White mates}
Started game 96 of 100 (RLM vs Ensemble)
Finished game 91 (Ensemble vs RLM): 1-0 {White mates}
Started game 97 of 100 (Ensemble vs RLM)
Finished game 90 (RLM vs Ensemble): 0-1 {Black mates}
Started game 98 of 100 (RLM vs Ensemble)
Finished game 94 (RLM vs Ensemble): 0-1 {Black mates}
Started game 99 of 100 (Ensemble vs RLM)
Finished game 95 (Ensemble vs RLM): 1-0 {White mates}
Started game 100 of 100 (RLM vs Ensemble)
Finished game 92 (RLM vs Ensemble): 0-1 {Black mates}
Finished game 96 (RLM vs Ensemble): 0-1 {Black mates}
Finished game 97 (Ensemble vs RLM): 1-0 {White mates}
Finished game 99 (Ensemble vs RLM): 1-0 {White mates}
Finished game 100 (RLM vs Ensemble): 0-1 {Black mates}
--------------------------------------------------
Results of Ensemble vs RLM (10+0.1, NULL, NULL, 8mvs_+90_+99.epd):
Elo: inf +/- nan, nElo: inf +/- nan
LOS: 100.00 %, DrawRatio: 0.00 %, PairsRatio: inf
Games: 98, Wins: 98, Losses: 0, Draws: 0, Points: 98.0 (100.00 %)
Ptnml(0-2): [0, 0, 0, 0, 49], WL/DD Ratio: nan
--------------------------------------------------
Finished game 98 (RLM vs Ensemble): 0-1 {Black mates}
--------------------------------------------------
Results of Ensemble vs RLM (10+0.1, NULL, NULL, 8mvs_+90_+99.epd):
Elo: inf +/- nan, nElo: inf +/- nan
LOS: 100.00 %, DrawRatio: 0.00 %, PairsRatio: inf
Games: 100, Wins: 100, Losses: 0, Draws: 0, Points: 100.0 (100.00 %)
Ptnml(0-2): [0, 0, 0, 0, 50], WL/DD Ratio: nan
--------------------------------------------------
Finished match
Total Time: 00:01:40 (hours:minutes:seconds)

