Indexing opening suite...
Started game 1 of 100 (Contextualized vs Ensemble)
Started game 5 of 100 (Contextualized vs Ensemble)
Started game 4 of 100 (Ensemble vs Contextualized)
Started game 3 of 100 (Contextualized vs Ensemble)
Started game 6 of 100 (Ensemble vs Contextualized)
Started game 2 of 100 (Ensemble vs Contextualized)
Finished game 4 (Ensemble vs Contextualized): 1-0 {White mates}
Started game 7 of 100 (Contextualized vs Ensemble)
Finished game 2 (Ensemble vs Contextualized): 1-0 {White mates}
Started game 8 of 100 (Ensemble vs Contextualized)
Finished game 6 (Ensemble vs Contextualized): 1-0 {White mates}
Started game 9 of 100 (Contextualized vs Ensemble)
Finished game 1 (Contextualized vs Ensemble): 0-1 {Black mates}
Started game 10 of 100 (Ensemble vs Contextualized)
Finished game 3 (Contextualized vs Ensemble): 0-1 {Black mates}
Started game 11 of 100 (Contextualized vs Ensemble)
Finished game 7 (Contextualized vs Ensemble): 0-1 {Black mates}
Started game 12 of 100 (Ensemble vs Contextualized)
Finished game 8 (Ensemble vs Contextualized): 1-0 {White mates}
Started game 13 of 100 (Contextualized vs Ensemble)
Finished game 5 (Contextualized vs Ensemble): 1/2-1/2 {Draw by fifty moves rule}
Started game 14 of 100 (Ensemble vs Contextualized)
Finished game 9 (Contextualized vs Ensemble): 0-1 {Black mates}
Started game 15 of 100 (Contextualized vs Ensemble)
Finished game 11 (Contextualized vs Ensemble): 0-1 {Black mates}
Started game 16 of 100 (Ensemble vs Contextualized)
Finished game 10 (Ensemble vs Contextualized): 1-0 {White mates}
Started game 17 of 100 (Contextualized vs Ensemble)
Finished game 12 (Ensemble vs Contextualized): 1-0 {White mates}
Started game 18 of 100 (Ensemble vs Contextualized)
Finished game 15 (Contextualized vs Ensemble): 0-1 {Black mates}
Started game 19 of 100 (Contextualized vs Ensemble)
Finished game 14 (Ensemble vs Contextualized): 1-0 {White mates}
Started game 20 of 100 (Ensemble vs Contextualized)
Finished game 16 (Ensemble vs Contextualized): 1-0 {White mates}
Started game 21 of 100 (Contextualized vs Ensemble)
Finished game 13 (Contextualized vs Ensemble): 0-1 {Black mates}
Started game 22 of 100 (Ensemble vs Contextualized)
Finished game 17 (Contextualized vs Ensemble): 0-1 {Black mates}
Started game 23 of 100 (Contextualized vs Ensemble)
Finished game 18 (Ensemble vs Contextualized): 1-0 {White mates}
Started game 24 of 100 (Ensemble vs Contextualized)
Finished game 20 (Ensemble vs Contextualized): 1-0 {White mates}
Started game 25 of 100 (Contextualized vs Ensemble)
Finished game 22 (Ensemble vs Contextualized): 0-1 {Black mates}
Started game 26 of 100 (Ensemble vs Contextualized)
Finished game 19 (Contextualized vs Ensemble): 0-1 {Black mates}
--------------------------------------------------
Results of Contextualized vs Ensemble (10+0.1, 1t - NULL, 16MB - NULL, 8mvs_+90_+99.epd):
Elo: -636.43 +/- nan, nElo: -1555.94 +/- 152.27
LOS: 0.00 %, DrawRatio: 0.00 %, PairsRatio: 0.00
Games: 20, Wins: 0, Losses: 19, Draws: 1, Points: 0.5 (2.50 %)
Ptnml(0-2): [9, 1, 0, 0, 0], WL/DD Ratio: nan
--------------------------------------------------
Started game 27 of 100 (Contextualized vs Ensemble)
Finished game 21 (Contextualized vs Ensemble): 0-1 {Black mates}
Started game 28 of 100 (Ensemble vs Contextualized)
Finished game 24 (Ensemble vs Contextualized): 1-0 {White mates}
Started game 29 of 100 (Contextualized vs Ensemble)
Finished game 23 (Contextualized vs Ensemble): 0-1 {Black mates}
Started game 30 of 100 (Ensemble vs Contextualized)
Finished game 26 (Ensemble vs Contextualized): 1-0 {White mates}
Started game 31 of 100 (Contextualized vs Ensemble)
Finished game 28 (Ensemble vs Contextualized): 1-0 {White mates}
Started game 32 of 100 (Ensemble vs Contextualized)
Finished game 25 (Contextualized vs Ensemble): 0-1 {Black mates}
Started game 33 of 100 (Contextualized vs Ensemble)
Finished game 27 (Contextualized vs Ensemble): 0-1 {Black mates}
Started game 34 of 100 (Ensemble vs Contextualized)
Finished game 29 (Contextualized vs Ensemble): 1-0 {White mates}
Started game 35 of 100 (Contextualized vs Ensemble)
Finished game 31 (Contextualized vs Ensemble): 1-0 {White mates}
Started game 36 of 100 (Ensemble vs Contextualized)
Finished game 32 (Ensemble vs Contextualized): 1-0 {White mates}
Started game 37 of 100 (Contextualized vs Ensemble)
Finished game 30 (Ensemble vs Contextualized): 1-0 {White mates}
Started game 38 of 100 (Ensemble vs Contextualized)
Finished game 33 (Contextualized vs Ensemble): 0-1 {Black mates}
Started game 39 of 100 (Contextualized vs Ensemble)
Finished game 36 (Ensemble vs Contextualized): 1-0 {White mates}
Started game 40 of 100 (Ensemble vs Contextualized)
Finished game 38 (Ensemble vs Contextualized): 1-0 {White mates}
Started game 41 of 100 (Contextualized vs Ensemble)
Finished game 39 (Contextualized vs Ensemble): 1-0 {White mates}
Started game 42 of 100 (Ensemble vs Contextualized)
Finished game 40 (Ensemble vs Contextualized): 1-0 {White mates}
--------------------------------------------------
Results of Contextualized vs Ensemble (10+0.1, 1t - NULL, 16MB - NULL, 8mvs_+90_+99.epd):
Elo: -326.64 +/- 194.06, nElo: -425.86 +/- 116.78
LOS: 0.00 %, DrawRatio: 23.53 %, PairsRatio: 0.00
Games: 34, Wins: 4, Losses: 29, Draws: 1, Points: 4.5 (13.24 %)
Ptnml(0-2): [12, 1, 4, 0, 0], WL/DD Ratio: inf
--------------------------------------------------
Started game 43 of 100 (Contextualized vs Ensemble)
Finished game 34 (Ensemble vs Contextualized): 1-0 {White mates}
Started game 44 of 100 (Ensemble vs Contextualized)
Finished game 35 (Contextualized vs Ensemble): 0-1 {Black mates}
Started game 45 of 100 (Contextualized vs Ensemble)
Finished game 37 (Contextualized vs Ensemble): 1-0 {White mates}
Started game 46 of 100 (Ensemble vs Contextualized)
Finished game 45 (Contextualized vs Ensemble): 1-0 {White mates}
Started game 47 of 100 (Contextualized vs Ensemble)
Finished game 42 (Ensemble vs Contextualized): 0-1 {Black mates}
Started game 48 of 100 (Ensemble vs Contextualized)
Finished game 44 (Ensemble vs Contextualized): 1-0 {White mates}
Started game 49 of 100 (Contextualized vs Ensemble)
Finished game 46 (Ensemble vs Contextualized): 1-0 {White mates}
Started game 50 of 100 (Ensemble vs Contextualized)
Finished game 43 (Contextualized vs Ensemble): 0-1 {Black mates}
Started game 51 of 100 (Contextualized vs Ensemble)
Finished game 41 (Contextualized vs Ensemble): 1-0 {White mates}
Started game 52 of 100 (Ensemble vs Contextualized)
Finished game 49 (Contextualized vs Ensemble): 0-1 {Black mates}
Started game 53 of 100 (Contextualized vs Ensemble)
Finished game 47 (Contextualized vs Ensemble): 0-1 {Black mates}
Started game 54 of 100 (Ensemble vs Contextualized)
Finished game 52 (Ensemble vs Contextualized): 1-0 {White mates}
Started game 55 of 100 (Contextualized vs Ensemble)
Finished game 50 (Ensemble vs Contextualized): 1-0 {White mates}
Started game 56 of 100 (Ensemble vs Contextualized)
Finished game 48 (Ensemble vs Contextualized): 1-0 {White mates}
Started game 57 of 100 (Contextualized vs Ensemble)
Finished game 51 (Contextualized vs Ensemble): 0-1 {Black mates}
Started game 58 of 100 (Ensemble vs Contextualized)
Finished game 54 (Ensemble vs Contextualized): 0-1 {Black mates}
Started game 59 of 100 (Contextualized vs Ensemble)
Finished game 53 (Contextualized vs Ensemble): 0-1 {Black mates}
Started game 60 of 100 (Ensemble vs Contextualized)
Finished game 55 (Contextualized vs Ensemble): 0-1 {Black mates}
Started game 61 of 100 (Contextualized vs Ensemble)
Finished game 56 (Ensemble vs Contextualized): 1-0 {White mates}
Started game 62 of 100 (Ensemble vs Contextualized)
Finished game 57 (Contextualized vs Ensemble): 0-1 {Black mates}
Started game 63 of 100 (Contextualized vs Ensemble)
Finished game 59 (Contextualized vs Ensemble): 0-1 {Black mates}
Started game 64 of 100 (Ensemble vs Contextualized)
Finished game 60 (Ensemble vs Contextualized): 1-0 {White mates}
--------------------------------------------------
Results of Contextualized vs Ensemble (10+0.1, 1t - NULL, 16MB - NULL, 8mvs_+90_+99.epd):
Elo: -283.21 +/- 137.45, nElo: -311.84 +/- 89.41
LOS: 0.00 %, DrawRatio: 24.14 %, PairsRatio: 0.05
Games: 58, Wins: 9, Losses: 48, Draws: 1, Points: 9.5 (16.38 %)
Ptnml(0-2): [20, 1, 7, 0, 1], WL/DD Ratio: inf
--------------------------------------------------
Started game 65 of 100 (Contextualized vs Ensemble)
Finished game 58 (Ensemble vs Contextualized): 1-0 {White mates}
Started game 66 of 100 (Ensemble vs Contextualized)
Finished game 62 (Ensemble vs Contextualized): 1-0 {White mates}
Started game 67 of 100 (Contextualized vs Ensemble)
Finished game 64 (Ensemble vs Contextualized): 1-0 {White mates}
Started game 68 of 100 (Ensemble vs Contextualized)
Finished game 61 (Contextualized vs Ensemble): 0-1 {Black mates}
Started game 69 of 100 (Contextualized vs Ensemble)
Finished game 63 (Contextualized vs Ensemble): 0-1 {Black mates}
Started game 70 of 100 (Ensemble vs Contextualized)
Finished game 65 (Contextualized vs Ensemble): 0-1 {Black mates}
Started game 71 of 100 (Contextualized vs Ensemble)
Finished game 69 (Contextualized vs Ensemble): 1/2-1/2 {Draw by 3-fold repetition}
Started game 72 of 100 (Ensemble vs Contextualized)
Finished game 66 (Ensemble vs Contextualized): 1-0 {White mates}
Started game 73 of 100 (Contextualized vs Ensemble)
Finished game 67 (Contextualized vs Ensemble): 0-1 {Black mates}
Started game 74 of 100 (Ensemble vs Contextualized)
Finished game 68 (Ensemble vs Contextualized): 1-0 {White mates}
Started game 75 of 100 (Contextualized vs Ensemble)
Finished game 70 (Ensemble vs Contextualized): 1/2-1/2 {Draw by 3-fold repetition}
Started game 76 of 100 (Ensemble vs Contextualized)
Finished game 72 (Ensemble vs Contextualized): 0-1 {Black mates}
Started game 77 of 100 (Contextualized vs Ensemble)
Finished game 71 (Contextualized vs Ensemble): 0-1 {Black mates}
Started game 78 of 100 (Ensemble vs Contextualized)
Finished game 73 (Contextualized vs Ensemble): 0-1 {Black mates}
Started game 79 of 100 (Contextualized vs Ensemble)
Finished game 74 (Ensemble vs Contextualized): 1-0 {White mates}
Started game 80 of 100 (Ensemble vs Contextualized)
Finished game 76 (Ensemble vs Contextualized): 1/2-1/2 {Draw by 3-fold repetition}
Started game 81 of 100 (Contextualized vs Ensemble)
Finished game 75 (Contextualized vs Ensemble): 1-0 {White mates}
Started game 82 of 100 (Ensemble vs Contextualized)
Finished game 78 (Ensemble vs Contextualized): 1-0 {White mates}
Started game 83 of 100 (Contextualized vs Ensemble)
Finished game 77 (Contextualized vs Ensemble): 1/2-1/2 {Draw by 3-fold repetition}
Started game 84 of 100 (Ensemble vs Contextualized)
Finished game 84 (Ensemble vs Contextualized): 1-0 {White mates}
Started game 85 of 100 (Contextualized vs Ensemble)
Finished game 80 (Ensemble vs Contextualized): 1/2-1/2 {Draw by 3-fold repetition}
Started game 86 of 100 (Ensemble vs Contextualized)
Finished game 82 (Ensemble vs Contextualized): 0-1 {Black mates}
Started game 87 of 100 (Contextualized vs Ensemble)
Finished game 81 (Contextualized vs Ensemble): 0-1 {Black mates}
Started game 88 of 100 (Ensemble vs Contextualized)
Finished game 79 (Contextualized vs Ensemble): 1-0 {White mates}
--------------------------------------------------
Results of Contextualized vs Ensemble (10+0.1, 1t - NULL, 16MB - NULL, 8mvs_+90_+99.epd):
Elo: -246.17 +/- 99.99, nElo: -268.56 +/- 75.20
LOS: 0.00 %, DrawRatio: 24.39 %, PairsRatio: 0.11
Games: 82, Wins: 13, Losses: 63, Draws: 6, Points: 16.0 (19.51 %)
Ptnml(0-2): [26, 2, 10, 2, 1], WL/DD Ratio: 9.00
--------------------------------------------------
Started game 89 of 100 (Contextualized vs Ensemble)
Finished game 83 (Contextualized vs Ensemble): 0-1 {Black mates}
Started game 90 of 100 (Ensemble vs Contextualized)
Finished game 86 (Ensemble vs Contextualized): 1-0 {White mates}
Started game 91 of 100 (Contextualized vs Ensemble)
Finished game 88 (Ensemble vs Contextualized): 0-1 {Black mates}
Started game 92 of 100 (Ensemble vs Contextualized)
Finished game 85 (Contextualized vs Ensemble): 1-0 {White mates}
Started game 93 of 100 (Contextualized vs Ensemble)
Finished game 89 (Contextualized vs Ensemble): 0-1 {Black mates}
Started game 94 of 100 (Ensemble vs Contextualized)
Finished game 87 (Contextualized vs Ensemble): 0-1 {Black mates}
Started game 95 of 100 (Contextualized vs Ensemble)
Finished game 90 (Ensemble vs Contextualized): 1-0 {White mates}
Started game 96 of 100 (Ensemble vs Contextualized)
Finished game 94 (Ensemble vs Contextualized): 1-0 {White mates}
Started game 97 of 100 (Contextualized vs Ensemble)
Finished game 93 (Contextualized vs Ensemble): 1-0 {White mates}
Started game 98 of 100 (Ensemble vs Contextualized)
Finished game 91 (Contextualized vs Ensemble): 0-1 {Black mates}
Started game 99 of 100 (Contextualized vs Ensemble)
Finished game 96 (Ensemble vs Contextualized): 0-1 {Black mates}
Started game 100 of 100 (Ensemble vs Contextualized)
Finished game 98 (Ensemble vs Contextualized): 1-0 {White mates}
Finished game 95 (Contextualized vs Ensemble): 0-1 {Black mates}
Finished game 92 (Ensemble vs Contextualized): 0-1 {Black mates}
Finished game 100 (Ensemble vs Contextualized): 1-0 {White mates}
Finished game 99 (Contextualized vs Ensemble): 0-1 {Black mates}
--------------------------------------------------
Results of Contextualized vs Ensemble (10+0.1, 1t - NULL, 16MB - NULL, 8mvs_+90_+99.epd):
Elo: -225.71 +/- 82.95, nElo: -253.73 +/- 68.79
LOS: 0.00 %, DrawRatio: 30.61 %, PairsRatio: 0.10
Games: 98, Wins: 18, Losses: 74, Draws: 6, Points: 21.0 (21.43 %)
Ptnml(0-2): [29, 2, 15, 2, 1], WL/DD Ratio: 14.00
--------------------------------------------------
Finished game 97 (Contextualized vs Ensemble): 0-1 {Black mates}
--------------------------------------------------
Results of Contextualized vs Ensemble (10+0.1, 1t - NULL, 16MB - NULL, 8mvs_+90_+99.epd):
Elo: -230.16 +/- 83.04, nElo: -258.60 +/- 68.10
LOS: 0.00 %, DrawRatio: 30.00 %, PairsRatio: 0.09
Games: 100, Wins: 18, Losses: 76, Draws: 6, Points: 21.0 (21.00 %)
Ptnml(0-2): [30, 2, 15, 2, 1], WL/DD Ratio: 14.00
--------------------------------------------------
Finished match
Total Time: 00:06:32 (hours:minutes:seconds)

