Started game 1 of 98 (Debate vs Ensemble)
Started game 5 of 98 (Debate vs Ensemble)
Started game 4 of 98 (Ensemble vs Debate)
Started game 3 of 98 (Debate vs Ensemble)
Started game 2 of 98 (Ensemble vs Debate)
Started game 6 of 98 (Ensemble vs Debate)
Finished game 3 (Debate vs Ensemble): 1-0 {White mates}
Started game 7 of 98 (Debate vs Ensemble)
Finished game 1 (Debate vs Ensemble): 0-1 {Black mates}
Started game 8 of 98 (Ensemble vs Debate)
Finished game 5 (Debate vs Ensemble): 0-1 {Black mates}
Started game 9 of 98 (Debate vs Ensemble)
Finished game 6 (Ensemble vs Debate): 1-0 {White mates}
Started game 10 of 98 (Ensemble vs Debate)
Finished game 2 (Ensemble vs Debate): 0-1 {Black mates}
Started game 11 of 98 (Debate vs Ensemble)
Finished game 7 (Debate vs Ensemble): 0-1 {Black mates}
Started game 12 of 98 (Ensemble vs Debate)
Finished game 4 (Ensemble vs Debate): 1-0 {White mates}
Started game 13 of 98 (Debate vs Ensemble)
Finished game 13 (Debate vs Ensemble): 1-0 {White mates}
Started game 14 of 98 (Ensemble vs Debate)
Finished game 10 (Ensemble vs Debate): 0-1 {Black mates}
Started game 15 of 98 (Debate vs Ensemble)
Finished game 11 (Debate vs Ensemble): 0-1 {Black mates}
Started game 16 of 98 (Ensemble vs Debate)
Finished game 8 (Ensemble vs Debate): 1-0 {White mates}
Started game 17 of 98 (Debate vs Ensemble)
Finished game 9 (Debate vs Ensemble): 1-0 {White mates}
Started game 18 of 98 (Ensemble vs Debate)
Finished game 12 (Ensemble vs Debate): 1/2-1/2 {Draw by 3-fold repetition}
Started game 19 of 98 (Debate vs Ensemble)
Finished game 15 (Debate vs Ensemble): 1-0 {White mates}
Started game 20 of 98 (Ensemble vs Debate)
Finished game 17 (Debate vs Ensemble): 1-0 {White mates}
Started game 21 of 98 (Debate vs Ensemble)
Finished game 16 (Ensemble vs Debate): 1-0 {White mates}
Started game 22 of 98 (Ensemble vs Debate)
Finished game 14 (Ensemble vs Debate): 1-0 {White mates}
Started game 23 of 98 (Debate vs Ensemble)
Finished game 19 (Debate vs Ensemble): 1-0 {White mates}
Started game 24 of 98 (Ensemble vs Debate)
Finished game 18 (Ensemble vs Debate): 1-0 {White mates}
Started game 25 of 98 (Debate vs Ensemble)
Finished game 22 (Ensemble vs Debate): 0-1 {Black mates}
Started game 26 of 98 (Ensemble vs Debate)
Finished game 23 (Debate vs Ensemble): 0-1 {Black mates}
Started game 27 of 98 (Debate vs Ensemble)
Finished game 21 (Debate vs Ensemble): 0-1 {Black mates}
Started game 28 of 98 (Ensemble vs Debate)
Finished game 20 (Ensemble vs Debate): 0-1 {Black mates}
Results of Debate vs Ensemble (10+0.1, NULL, NULL, 8mvs_+90_+99.epd):
Elo: -15.80 +/- 133.83, nElo: -18.01 +/- 145.18
Games: 22, Wins: 10, Losses: 11, Draws: 1, Points: 10.5 (47.73 %)
Started game 29 of 98 (Debate vs Ensemble)
Finished game 28 (Ensemble vs Debate): 1-0 {White mates}
Started game 30 of 98 (Ensemble vs Debate)
Finished game 24 (Ensemble vs Debate): 1-0 {White mates}
Started game 31 of 98 (Debate vs Ensemble)
Finished game 29 (Debate vs Ensemble): 1-0 {White mates}
Started game 32 of 98 (Ensemble vs Debate)
Finished game 31 (Debate vs Ensemble): 1-0 {White mates}
Started game 33 of 98 (Debate vs Ensemble)
Finished game 25 (Debate vs Ensemble): 0-1 {Black mates}
Started game 34 of 98 (Ensemble vs Debate)
Finished game 26 (Ensemble vs Debate): 1-0 {White mates}
Started game 35 of 98 (Debate vs Ensemble)
Finished game 27 (Debate vs Ensemble): 0-1 {Black mates}
Started game 36 of 98 (Ensemble vs Debate)
Finished game 33 (Debate vs Ensemble): 0-1 {Black mates}
Started game 37 of 98 (Debate vs Ensemble)
Finished game 30 (Ensemble vs Debate): 1-0 {White mates}
Started game 38 of 98 (Ensemble vs Debate)
Finished game 32 (Ensemble vs Debate): 1-0 {White mates}
Started game 39 of 98 (Debate vs Ensemble)
Finished game 34 (Ensemble vs Debate): 1-0 {White mates}
Started game 40 of 98 (Ensemble vs Debate)
Finished game 35 (Debate vs Ensemble): 0-1 {Black mates}
Started game 41 of 98 (Debate vs Ensemble)
Finished game 36 (Ensemble vs Debate): 1-0 {White mates}
Started game 42 of 98 (Ensemble vs Debate)
Finished game 37 (Debate vs Ensemble): 0-1 {Black mates}
Started game 43 of 98 (Debate vs Ensemble)
Finished game 38 (Ensemble vs Debate): 1-0 {White mates}
Started game 44 of 98 (Ensemble vs Debate)
Finished game 39 (Debate vs Ensemble): 1-0 {White mates}
Started game 45 of 98 (Debate vs Ensemble)
Finished game 41 (Debate vs Ensemble): 1/2-1/2 {Draw by 3-fold repetition}
Started game 46 of 98 (Ensemble vs Debate)
Finished game 43 (Debate vs Ensemble): 1-0 {White mates}
Started game 47 of 98 (Debate vs Ensemble)
Finished game 40 (Ensemble vs Debate): 0-1 {Black mates}
Results of Debate vs Ensemble (10+0.1, NULL, NULL, 8mvs_+90_+99.epd):
Elo: -98.07 +/- 120.64, nElo: -96.82 +/- 107.67
Games: 40, Wins: 14, Losses: 25, Draws: 1, Points: 14.5 (36.25 %)
Started game 48 of 98 (Ensemble vs Debate)
Finished game 46 (Ensemble vs Debate): 1-0 {White mates}
Started game 49 of 98 (Debate vs Ensemble)
Finished game 44 (Ensemble vs Debate): 1-0 {White mates}
Started game 50 of 98 (Ensemble vs Debate)
Finished game 47 (Debate vs Ensemble): 1-0 {White mates}
Started game 51 of 98 (Debate vs Ensemble)
Finished game 45 (Debate vs Ensemble): 1-0 {White mates}
Started game 52 of 98 (Ensemble vs Debate)
Finished game 42 (Ensemble vs Debate): 1/2-1/2 {Draw by fifty moves rule}
Started game 53 of 98 (Debate vs Ensemble)
Finished game 48 (Ensemble vs Debate): 0-1 {Black mates}
Started game 54 of 98 (Ensemble vs Debate)
Finished game 51 (Debate vs Ensemble): 0-1 {Black mates}
Started game 55 of 98 (Debate vs Ensemble)
Finished game 50 (Ensemble vs Debate): 1-0 {White mates}
Started game 56 of 98 (Ensemble vs Debate)
Finished game 49 (Debate vs Ensemble): 0-1 {Black mates}
Started game 57 of 98 (Debate vs Ensemble)
Finished game 52 (Ensemble vs Debate): 1/2-1/2 {Draw by 3-fold repetition}
Started game 58 of 98 (Ensemble vs Debate)
Finished game 53 (Debate vs Ensemble): 0-1 {Black mates}
Started game 59 of 98 (Debate vs Ensemble)
Finished game 54 (Ensemble vs Debate): 1-0 {White mates}
Started game 60 of 98 (Ensemble vs Debate)
Finished game 58 (Ensemble vs Debate): 1-0 {White mates}
Started game 61 of 98 (Debate vs Ensemble)
Finished game 56 (Ensemble vs Debate): 1-0 {White mates}
Started game 62 of 98 (Ensemble vs Debate)
Finished game 55 (Debate vs Ensemble): 0-1 {Black mates}
Started game 63 of 98 (Debate vs Ensemble)
Finished game 57 (Debate vs Ensemble): 0-1 {Black mates}
Started game 64 of 98 (Ensemble vs Debate)
Finished game 62 (Ensemble vs Debate): 1-0 {White mates}
Started game 65 of 98 (Debate vs Ensemble)
Finished game 61 (Debate vs Ensemble): 0-1 {Black mates}
Started game 66 of 98 (Ensemble vs Debate)
Finished game 59 (Debate vs Ensemble): 1-0 {White mates}
Started game 67 of 98 (Debate vs Ensemble)
Finished game 60 (Ensemble vs Debate): 1/2-1/2 {Draw by insufficient mating material}
Results of Debate vs Ensemble (10+0.1, NULL, NULL, 8mvs_+90_+99.epd):
Elo: -110.01 +/- 96.48, nElo: -108.82 +/- 86.48
Games: 62, Wins: 19, Losses: 38, Draws: 5, Points: 21.5 (34.68 %)
Started game 68 of 98 (Ensemble vs Debate)
Finished game 63 (Debate vs Ensemble): 0-1 {Black mates}
Started game 69 of 98 (Debate vs Ensemble)
Finished game 65 (Debate vs Ensemble): 0-1 {Black mates}
Started game 70 of 98 (Ensemble vs Debate)
Finished game 64 (Ensemble vs Debate): 1-0 {White mates}
Started game 71 of 98 (Debate vs Ensemble)
Finished game 66 (Ensemble vs Debate): 0-1 {Black mates}
Started game 72 of 98 (Ensemble vs Debate)
Finished game 71 (Debate vs Ensemble): 0-1 {Black mates}
Started game 73 of 98 (Debate vs Ensemble)
Finished game 69 (Debate vs Ensemble): 1/2-1/2 {Draw by insufficient mating material}
Started game 74 of 98 (Ensemble vs Debate)
Finished game 72 (Ensemble vs Debate): 1-0 {White mates}
Started game 75 of 98 (Debate vs Ensemble)
Finished game 68 (Ensemble vs Debate): 0-1 {Black mates}
Started game 76 of 98 (Ensemble vs Debate)
Finished game 70 (Ensemble vs Debate): 1/2-1/2 {Draw by insufficient mating material}
Started game 77 of 98 (Debate vs Ensemble)
Finished game 73 (Debate vs Ensemble): 1-0 {White mates}
Started game 78 of 98 (Ensemble vs Debate)
Finished game 75 (Debate vs Ensemble): 0-1 {Black mates}
Started game 79 of 98 (Debate vs Ensemble)
Finished game 67 (Debate vs Ensemble): 1/2-1/2 {Draw by 3-fold repetition}
Started game 80 of 98 (Ensemble vs Debate)
Finished game 74 (Ensemble vs Debate): 1-0 {White mates}
Started game 81 of 98 (Debate vs Ensemble)
Finished game 76 (Ensemble vs Debate): 1-0 {White mates}
Started game 82 of 98 (Ensemble vs Debate)
Finished game 78 (Ensemble vs Debate): 1-0 {White mates}
Started game 83 of 98 (Debate vs Ensemble)
Finished game 80 (Ensemble vs Debate): 0-1 {Black mates}
Started game 84 of 98 (Ensemble vs Debate)
Finished game 79 (Debate vs Ensemble): 1-0 {White mates}
Results of Debate vs Ensemble (10+0.1, NULL, NULL, 8mvs_+90_+99.epd):
Elo: -100.72 +/- 84.48, nElo: -99.54 +/- 77.10
Games: 78, Wins: 24, Losses: 46, Draws: 8, Points: 28.0 (35.90 %)
Started game 85 of 98 (Debate vs Ensemble)
Finished game 77 (Debate vs Ensemble): 0-1 {Black mates}
Started game 86 of 98 (Ensemble vs Debate)
Finished game 81 (Debate vs Ensemble): 1-0 {White mates}
Started game 87 of 98 (Debate vs Ensemble)
Finished game 83 (Debate vs Ensemble): 1-0 {White mates}
Started game 88 of 98 (Ensemble vs Debate)
Finished game 85 (Debate vs Ensemble): 0-1 {Black mates}
Started game 89 of 98 (Debate vs Ensemble)
Finished game 82 (Ensemble vs Debate): 1-0 {White mates}
Started game 90 of 98 (Ensemble vs Debate)
Finished game 86 (Ensemble vs Debate): 1-0 {White mates}
Started game 91 of 98 (Debate vs Ensemble)
Finished game 87 (Debate vs Ensemble): 1-0 {White mates}
Started game 92 of 98 (Ensemble vs Debate)
Finished game 88 (Ensemble vs Debate): 1-0 {White mates}
Started game 93 of 98 (Debate vs Ensemble)
Finished game 84 (Ensemble vs Debate): 1-0 {White mates}
Started game 94 of 98 (Ensemble vs Debate)
Finished game 92 (Ensemble vs Debate): 1-0 {White mates}
Started game 95 of 98 (Debate vs Ensemble)
Finished game 91 (Debate vs Ensemble): 1-0 {White mates}
Started game 96 of 98 (Ensemble vs Debate)
Finished game 89 (Debate vs Ensemble): 1/2-1/2 {Draw by 3-fold repetition}
Started game 97 of 98 (Debate vs Ensemble)
Finished game 90 (Ensemble vs Debate): 0-1 {Black mates}
Started game 98 of 98 (Ensemble vs Debate)
Finished game 94 (Ensemble vs Debate): 1-0 {White mates}
Finished game 93 (Debate vs Ensemble): 1-0 {White mates}
Finished game 95 (Debate vs Ensemble): 0-1 {Black mates}
Finished game 96 (Ensemble vs Debate): 1-0 {White mates}
Finished game 98 (Ensemble vs Debate): 1-0 {White mates}
Finished game 97 (Debate vs Ensemble): 0-1 {Black mates}
Results of Debate vs Ensemble (10+0.1, NULL, NULL, 8mvs_+90_+99.epd):
Elo: -105.98 +/- 72.69, nElo: -108.60 +/- 68.79
Games: 98, Wins: 30, Losses: 59, Draws: 9, Points: 34.5 (35.20 %)
