Started game 1 of 80 (ChainOfThought vs OneshotReAct)
Started game 2 of 80 (OneshotReAct vs ChainOfThought)
Started game 3 of 80 (ChainOfThought vs OneshotReAct)
Started game 5 of 80 (ChainOfThought vs OneshotReAct)
Started game 4 of 80 (OneshotReAct vs ChainOfThought)
Started game 6 of 80 (OneshotReAct vs ChainOfThought)
Finished game 6 (OneshotReAct vs ChainOfThought): 0-1 {Black mates}
Started game 7 of 80 (ChainOfThought vs OneshotReAct)
Finished game 4 (OneshotReAct vs ChainOfThought): 0-1 {Black mates}
Started game 8 of 80 (OneshotReAct vs ChainOfThought)
Finished game 5 (ChainOfThought vs OneshotReAct): 0-1 {White loses on time}
Started game 9 of 80 (ChainOfThought vs OneshotReAct)
Finished game 3 (ChainOfThought vs OneshotReAct): 0-1 {White loses on time}
Started game 10 of 80 (OneshotReAct vs ChainOfThought)
Finished game 1 (ChainOfThought vs OneshotReAct): 0-1 {White loses on time}
Started game 11 of 80 (ChainOfThought vs OneshotReAct)
Finished game 2 (OneshotReAct vs ChainOfThought): 1-0 {Black loses on time}
Started game 12 of 80 (OneshotReAct vs ChainOfThought)
Finished game 7 (ChainOfThought vs OneshotReAct): 0-1 {White loses on time}
Started game 13 of 80 (ChainOfThought vs OneshotReAct)
Finished game 8 (OneshotReAct vs ChainOfThought): 1-0 {Black loses on time}
Started game 14 of 80 (OneshotReAct vs ChainOfThought)
Finished game 9 (ChainOfThought vs OneshotReAct): 1-0 {White mates}
Started game 15 of 80 (ChainOfThought vs OneshotReAct)
Finished game 10 (OneshotReAct vs ChainOfThought): 1-0 {Black loses on time}
Started game 16 of 80 (OneshotReAct vs ChainOfThought)
Finished game 12 (OneshotReAct vs ChainOfThought): 1-0 {Black loses on time}
Started game 17 of 80 (ChainOfThought vs OneshotReAct)
Finished game 11 (ChainOfThought vs OneshotReAct): 0-1 {White loses on time}
Started game 18 of 80 (OneshotReAct vs ChainOfThought)
Finished game 14 (OneshotReAct vs ChainOfThought): 0-1 {Black mates}
Started game 19 of 80 (ChainOfThought vs OneshotReAct)
Finished game 13 (ChainOfThought vs OneshotReAct): 1/2-1/2 {Draw by 3-fold repetition}
Started game 20 of 80 (OneshotReAct vs ChainOfThought)
Finished game 15 (ChainOfThought vs OneshotReAct): 0-1 {White loses on time}
Started game 21 of 80 (ChainOfThought vs OneshotReAct)
Finished game 18 (OneshotReAct vs ChainOfThought): 0-1 {Black mates}
Started game 22 of 80 (OneshotReAct vs ChainOfThought)
Finished game 17 (ChainOfThought vs OneshotReAct): 0-1 {Black mates}
Started game 23 of 80 (ChainOfThought vs OneshotReAct)
Finished game 16 (OneshotReAct vs ChainOfThought): 1-0 {Black loses on time}
Started game 24 of 80 (OneshotReAct vs ChainOfThought)
Finished game 19 (ChainOfThought vs OneshotReAct): 0-1 {White loses on time}
Started game 25 of 80 (ChainOfThought vs OneshotReAct)
Finished game 24 (OneshotReAct vs ChainOfThought): 1-0 {White mates}
Started game 26 of 80 (OneshotReAct vs ChainOfThought)
Finished game 20 (OneshotReAct vs ChainOfThought): 1-0 {Black loses on time}
Results of ChainOfThought vs OneshotReAct (10+0.1, NULL, NULL - 16MB, 8mvs_+90_+99.epd):
Elo: -168.40 +/- 174.72, nElo: -194.67 +/- 152.27
Games: 20, Wins: 5, Losses: 14, Draws: 1, Points: 5.5 (27.50 %)
Started game 27 of 80 (ChainOfThought vs OneshotReAct)
Finished game 21 (ChainOfThought vs OneshotReAct): 1/2-1/2 {Draw by 3-fold repetition}
Started game 28 of 80 (OneshotReAct vs ChainOfThought)
Finished game 22 (OneshotReAct vs ChainOfThought): 1-0 {Black loses on time}
Started game 29 of 80 (ChainOfThought vs OneshotReAct)
Finished game 23 (ChainOfThought vs OneshotReAct): 0-1 {White loses on time}
Started game 30 of 80 (OneshotReAct vs ChainOfThought)
Finished game 25 (ChainOfThought vs OneshotReAct): 1-0 {White mates}
Started game 31 of 80 (ChainOfThought vs OneshotReAct)
Finished game 26 (OneshotReAct vs ChainOfThought): 0-1 {Black mates}
Started game 32 of 80 (OneshotReAct vs ChainOfThought)
Finished game 28 (OneshotReAct vs ChainOfThought): 0-1 {Black mates}
Started game 33 of 80 (ChainOfThought vs OneshotReAct)
Finished game 32 (OneshotReAct vs ChainOfThought): 0-1 {Black mates}
Started game 34 of 80 (OneshotReAct vs ChainOfThought)
Finished game 27 (ChainOfThought vs OneshotReAct): 1/2-1/2 {Draw by 3-fold repetition}
Started game 35 of 80 (ChainOfThought vs OneshotReAct)
Finished game 33 (ChainOfThought vs OneshotReAct): 1/2-1/2 {Draw by 3-fold repetition}
Started game 36 of 80 (OneshotReAct vs ChainOfThought)
Finished game 30 (OneshotReAct vs ChainOfThought): 1-0 {Black loses on time}
Started game 37 of 80 (ChainOfThought vs OneshotReAct)
Finished game 29 (ChainOfThought vs OneshotReAct): 0-1 {White loses on time}
Started game 38 of 80 (OneshotReAct vs ChainOfThought)
Finished game 31 (ChainOfThought vs OneshotReAct): 0-1 {White loses on time}
Started game 39 of 80 (ChainOfThought vs OneshotReAct)
Finished game 34 (OneshotReAct vs ChainOfThought): 1-0 {Black loses on time}
Started game 40 of 80 (OneshotReAct vs ChainOfThought)
Finished game 35 (ChainOfThought vs OneshotReAct): 0-1 {White loses on time}
Started game 41 of 80 (ChainOfThought vs OneshotReAct)
Finished game 37 (ChainOfThought vs OneshotReAct): 1/2-1/2 {Draw by 3-fold repetition}
Started game 42 of 80 (OneshotReAct vs ChainOfThought)
Finished game 36 (OneshotReAct vs ChainOfThought): 1-0 {Black loses on time}
Started game 43 of 80 (ChainOfThought vs OneshotReAct)
Finished game 38 (OneshotReAct vs ChainOfThought): 1-0 {Black loses on time}
Started game 44 of 80 (OneshotReAct vs ChainOfThought)
Finished game 39 (ChainOfThought vs OneshotReAct): 0-1 {White loses on time}
Started game 45 of 80 (ChainOfThought vs OneshotReAct)
Finished game 40 (OneshotReAct vs ChainOfThought): 1-0 {Black loses on time}
Results of ChainOfThought vs OneshotReAct (10+0.1, NULL, NULL - 16MB, 8mvs_+90_+99.epd):
Elo: -157.66 +/- 122.25, nElo: -168.96 +/- 107.67
Games: 40, Wins: 9, Losses: 26, Draws: 5, Points: 11.5 (28.75 %)
Started game 46 of 80 (OneshotReAct vs ChainOfThought)
Finished game 41 (ChainOfThought vs OneshotReAct): 0-1 {White loses on time}
Started game 47 of 80 (ChainOfThought vs OneshotReAct)
Finished game 42 (OneshotReAct vs ChainOfThought): 1-0 {Black loses on time}
Started game 48 of 80 (OneshotReAct vs ChainOfThought)
Finished game 43 (ChainOfThought vs OneshotReAct): 0-1 {White loses on time}
Started game 49 of 80 (ChainOfThought vs OneshotReAct)
Finished game 44 (OneshotReAct vs ChainOfThought): 1-0 {Black loses on time}
Started game 50 of 80 (OneshotReAct vs ChainOfThought)
Finished game 45 (ChainOfThought vs OneshotReAct): 0-1 {White loses on time}
Started game 51 of 80 (ChainOfThought vs OneshotReAct)
Finished game 47 (ChainOfThought vs OneshotReAct): 1/2-1/2 {Draw by 3-fold repetition}
Started game 52 of 80 (OneshotReAct vs ChainOfThought)
Finished game 46 (OneshotReAct vs ChainOfThought): 1-0 {Black loses on time}
Started game 53 of 80 (ChainOfThought vs OneshotReAct)
Finished game 48 (OneshotReAct vs ChainOfThought): 1-0 {Black loses on time}
Started game 54 of 80 (OneshotReAct vs ChainOfThought)
Finished game 51 (ChainOfThought vs OneshotReAct): 1/2-1/2 {Draw by 3-fold repetition}
Started game 55 of 80 (ChainOfThought vs OneshotReAct)
Finished game 49 (ChainOfThought vs OneshotReAct): 0-1 {White loses on time}
Started game 56 of 80 (OneshotReAct vs ChainOfThought)
Finished game 50 (OneshotReAct vs ChainOfThought): 1-0 {Black loses on time}
Started game 57 of 80 (ChainOfThought vs OneshotReAct)
Finished game 52 (OneshotReAct vs ChainOfThought): 1-0 {Black loses on time}
Started game 58 of 80 (OneshotReAct vs ChainOfThought)
Finished game 53 (ChainOfThought vs OneshotReAct): 0-1 {White loses on time}
Started game 59 of 80 (ChainOfThought vs OneshotReAct)
Finished game 54 (OneshotReAct vs ChainOfThought): 1/2-1/2 {Draw by 3-fold repetition}
Started game 60 of 80 (OneshotReAct vs ChainOfThought)
Finished game 55 (ChainOfThought vs OneshotReAct): 1/2-1/2 {Draw by 3-fold repetition}
Started game 61 of 80 (ChainOfThought vs OneshotReAct)
Finished game 56 (OneshotReAct vs ChainOfThought): 1-0 {White mates}
Started game 62 of 80 (OneshotReAct vs ChainOfThought)
Finished game 57 (ChainOfThought vs OneshotReAct): 1/2-1/2 {Draw by 3-fold repetition}
Started game 63 of 80 (ChainOfThought vs OneshotReAct)
Finished game 58 (OneshotReAct vs ChainOfThought): 1-0 {Black loses on time}
Started game 64 of 80 (OneshotReAct vs ChainOfThought)
Finished game 59 (ChainOfThought vs OneshotReAct): 0-1 {White loses on time}
Started game 65 of 80 (ChainOfThought vs OneshotReAct)
Finished game 61 (ChainOfThought vs OneshotReAct): 1/2-1/2 {Draw by 3-fold repetition}
Started game 66 of 80 (OneshotReAct vs ChainOfThought)
Finished game 60 (OneshotReAct vs ChainOfThought): 1-0 {Black loses on time}
Results of ChainOfThought vs OneshotReAct (10+0.1, NULL, NULL - 16MB, 8mvs_+90_+99.epd):
Elo: -206.65 +/- 99.89, nElo: -239.66 +/- 87.91
Games: 60, Wins: 9, Losses: 41, Draws: 10, Points: 14.0 (23.33 %)
Started game 67 of 80 (ChainOfThought vs OneshotReAct)
Finished game 62 (OneshotReAct vs ChainOfThought): 1-0 {Black loses on time}
Started game 68 of 80 (OneshotReAct vs ChainOfThought)
Finished game 63 (ChainOfThought vs OneshotReAct): 0-1 {White loses on time}
Started game 69 of 80 (ChainOfThought vs OneshotReAct)
Finished game 64 (OneshotReAct vs ChainOfThought): 1-0 {Black loses on time}
Started game 70 of 80 (OneshotReAct vs ChainOfThought)
Finished game 65 (ChainOfThought vs OneshotReAct): 1/2-1/2 {Draw by 3-fold repetition}
Started game 71 of 80 (ChainOfThought vs OneshotReAct)
Finished game 66 (OneshotReAct vs ChainOfThought): 1-0 {Black loses on time}
Started game 72 of 80 (OneshotReAct vs ChainOfThought)
Finished game 67 (ChainOfThought vs OneshotReAct): 0-1 {White loses on time}
Started game 73 of 80 (ChainOfThought vs OneshotReAct)
Finished game 68 (OneshotReAct vs ChainOfThought): 1-0 {Black loses on time}
Started game 74 of 80 (OneshotReAct vs ChainOfThought)
Finished game 69 (ChainOfThought vs OneshotReAct): 0-1 {White loses on time}
Started game 75 of 80 (ChainOfThought vs OneshotReAct)
Finished game 71 (ChainOfThought vs OneshotReAct): 0-1 {Black mates}
Started game 76 of 80 (OneshotReAct vs ChainOfThought)
Finished game 73 (ChainOfThought vs OneshotReAct): 1/2-1/2 {Draw by 3-fold repetition}
Started game 77 of 80 (ChainOfThought vs OneshotReAct)
Finished game 72 (OneshotReAct vs ChainOfThought): 1-0 {Black loses on time}
Started game 78 of 80 (OneshotReAct vs ChainOfThought)
Finished game 70 (OneshotReAct vs ChainOfThought): 1-0 {Black loses on time}
Started game 79 of 80 (ChainOfThought vs OneshotReAct)
Finished game 74 (OneshotReAct vs ChainOfThought): 1-0 {Black loses on time}
Started game 80 of 80 (OneshotReAct vs ChainOfThought)
Finished game 75 (ChainOfThought vs OneshotReAct): 0-1 {White loses on time}
Finished game 76 (OneshotReAct vs ChainOfThought): 1-0 {Black loses on time}
Finished game 77 (ChainOfThought vs OneshotReAct): 0-1 {White loses on time}
Finished game 78 (OneshotReAct vs ChainOfThought): 1-0 {Black loses on time}
Finished game 79 (ChainOfThought vs OneshotReAct): 0-1 {White loses on time}
Finished game 80 (OneshotReAct vs ChainOfThought): 1-0 {Black loses on time}
Results of ChainOfThought vs OneshotReAct (10+0.1, NULL, NULL - 16MB, 8mvs_+90_+99.epd):
Elo: -247.69 +/- 91.52, nElo: -297.35 +/- 76.13
Games: 80, Wins: 9, Losses: 58, Draws: 13, Points: 15.5 (19.38 %)
