Started game 1 of 100 (Contextualized vs OneshotReAct)
Started game 3 of 100 (Contextualized vs OneshotReAct)
Started game 5 of 100 (Contextualized vs OneshotReAct)
Started game 6 of 100 (OneshotReAct vs Contextualized)
Started game 2 of 100 (OneshotReAct vs Contextualized)
Started game 4 of 100 (OneshotReAct vs Contextualized)
Finished game 2 (OneshotReAct vs Contextualized): 0-1 {Black mates}
Started game 7 of 100 (Contextualized vs OneshotReAct)
Finished game 1 (Contextualized vs OneshotReAct): 1-0 {White mates}
Started game 8 of 100 (OneshotReAct vs Contextualized)
Finished game 6 (OneshotReAct vs Contextualized): 0-1 {Black mates}
Started game 9 of 100 (Contextualized vs OneshotReAct)
Finished game 5 (Contextualized vs OneshotReAct): 1-0 {White mates}
Started game 10 of 100 (OneshotReAct vs Contextualized)
Finished game 3 (Contextualized vs OneshotReAct): 1-0 {White mates}
Started game 11 of 100 (Contextualized vs OneshotReAct)
Finished game 4 (OneshotReAct vs Contextualized): 0-1 {Black mates}
Started game 12 of 100 (OneshotReAct vs Contextualized)
Finished game 7 (Contextualized vs OneshotReAct): 1-0 {White mates}
Started game 13 of 100 (Contextualized vs OneshotReAct)
Finished game 11 (Contextualized vs OneshotReAct): 1-0 {White mates}
Started game 14 of 100 (OneshotReAct vs Contextualized)
Finished game 10 (OneshotReAct vs Contextualized): 0-1 {Black mates}
Started game 15 of 100 (Contextualized vs OneshotReAct)
Finished game 9 (Contextualized vs OneshotReAct): 1-0 {White mates}
Started game 16 of 100 (OneshotReAct vs Contextualized)
Finished game 15 (Contextualized vs OneshotReAct): 1-0 {White mates}
Started game 17 of 100 (Contextualized vs OneshotReAct)
Finished game 8 (OneshotReAct vs Contextualized): 0-1 {Black mates}
Started game 18 of 100 (OneshotReAct vs Contextualized)
Finished game 13 (Contextualized vs OneshotReAct): 1-0 {White mates}
Started game 19 of 100 (Contextualized vs OneshotReAct)
Finished game 12 (OneshotReAct vs Contextualized): 0-1 {Black mates}
Started game 20 of 100 (OneshotReAct vs Contextualized)
Finished game 16 (OneshotReAct vs Contextualized): 0-1 {Black mates}
Started game 21 of 100 (Contextualized vs OneshotReAct)
Finished game 14 (OneshotReAct vs Contextualized): 0-1 {Black mates}
Started game 22 of 100 (OneshotReAct vs Contextualized)
Finished game 17 (Contextualized vs OneshotReAct): 1-0 {White mates}
Started game 23 of 100 (Contextualized vs OneshotReAct)
Finished game 18 (OneshotReAct vs Contextualized): 0-1 {Black mates}
Started game 24 of 100 (OneshotReAct vs Contextualized)
Finished game 20 (OneshotReAct vs Contextualized): 0-1 {Black mates}
Started game 25 of 100 (Contextualized vs OneshotReAct)
Finished game 25 (Contextualized vs OneshotReAct): 1-0 {White mates}
Started game 26 of 100 (OneshotReAct vs Contextualized)
Finished game 22 (OneshotReAct vs Contextualized): 0-1 {Black mates}
Started game 27 of 100 (Contextualized vs OneshotReAct)
Finished game 19 (Contextualized vs OneshotReAct): 1-0 {White mates}
Results of Contextualized vs OneshotReAct (10+0.1, 1t - NULL, 16MB, 8mvs_+90_+99.epd):
Elo: inf +/- nan, nElo: inf +/- nan
Games: 20, Wins: 20, Losses: 0, Draws: 0, Points: 20.0 (100.00 %)
Started game 28 of 100 (OneshotReAct vs Contextualized)
Finished game 23 (Contextualized vs OneshotReAct): 1-0 {White mates}
Started game 29 of 100 (Contextualized vs OneshotReAct)
Finished game 24 (OneshotReAct vs Contextualized): 0-1 {Black mates}
Started game 30 of 100 (OneshotReAct vs Contextualized)
Finished game 21 (Contextualized vs OneshotReAct): 1-0 {White mates}
Started game 31 of 100 (Contextualized vs OneshotReAct)
Finished game 26 (OneshotReAct vs Contextualized): 0-1 {Black mates}
Started game 32 of 100 (OneshotReAct vs Contextualized)
Finished game 28 (OneshotReAct vs Contextualized): 0-1 {Black mates}
Started game 33 of 100 (Contextualized vs OneshotReAct)
Finished game 27 (Contextualized vs OneshotReAct): 1-0 {White mates}
Started game 34 of 100 (OneshotReAct vs Contextualized)
Finished game 34 (OneshotReAct vs Contextualized): 0-1 {Black mates}
Started game 35 of 100 (Contextualized vs OneshotReAct)
Finished game 29 (Contextualized vs OneshotReAct): 1-0 {White mates}
Started game 36 of 100 (OneshotReAct vs Contextualized)
Finished game 36 (OneshotReAct vs Contextualized): 0-1 {Black mates}
Started game 37 of 100 (Contextualized vs OneshotReAct)
Finished game 33 (Contextualized vs OneshotReAct): 1-0 {White mates}
Started game 38 of 100 (OneshotReAct vs Contextualized)
Finished game 30 (OneshotReAct vs Contextualized): 0-1 {Black mates}
Started game 39 of 100 (Contextualized vs OneshotReAct)
Finished game 31 (Contextualized vs OneshotReAct): 1-0 {White mates}
Started game 40 of 100 (OneshotReAct vs Contextualized)
Finished game 32 (OneshotReAct vs Contextualized): 0-1 {Black mates}
Started game 41 of 100 (Contextualized vs OneshotReAct)
Finished game 35 (Contextualized vs OneshotReAct): 1-0 {White mates}
Started game 42 of 100 (OneshotReAct vs Contextualized)
Finished game 37 (Contextualized vs OneshotReAct): 1-0 {White mates}
Started game 43 of 100 (Contextualized vs OneshotReAct)
Finished game 41 (Contextualized vs OneshotReAct): 1-0 {White mates}
Started game 44 of 100 (OneshotReAct vs Contextualized)
Finished game 40 (OneshotReAct vs Contextualized): 0-1 {Black mates}
Started game 45 of 100 (Contextualized vs OneshotReAct)
Finished game 38 (OneshotReAct vs Contextualized): 0-1 {Black mates}
Started game 46 of 100 (OneshotReAct vs Contextualized)
Finished game 39 (Contextualized vs OneshotReAct): 1-0 {White mates}
Results of Contextualized vs OneshotReAct (10+0.1, 1t - NULL, 16MB, 8mvs_+90_+99.epd):
Elo: inf +/- nan, nElo: inf +/- nan
Games: 40, Wins: 40, Losses: 0, Draws: 0, Points: 40.0 (100.00 %)
Started game 47 of 100 (Contextualized vs OneshotReAct)
Finished game 42 (OneshotReAct vs Contextualized): 0-1 {Black mates}
Started game 48 of 100 (OneshotReAct vs Contextualized)
Finished game 47 (Contextualized vs OneshotReAct): 1-0 {White mates}
Started game 49 of 100 (Contextualized vs OneshotReAct)
Finished game 44 (OneshotReAct vs Contextualized): 0-1 {Black mates}
Started game 50 of 100 (OneshotReAct vs Contextualized)
Finished game 45 (Contextualized vs OneshotReAct): 1-0 {White mates}
Started game 51 of 100 (Contextualized vs OneshotReAct)
Finished game 46 (OneshotReAct vs Contextualized): 0-1 {Black mates}
Started game 52 of 100 (OneshotReAct vs Contextualized)
Finished game 50 (OneshotReAct vs Contextualized): 0-1 {Black mates}
Started game 53 of 100 (Contextualized vs OneshotReAct)
Finished game 49 (Contextualized vs OneshotReAct): 1-0 {White mates}
Started game 54 of 100 (OneshotReAct vs Contextualized)
Finished game 48 (OneshotReAct vs Contextualized): 0-1 {Black mates}
Started game 55 of 100 (Contextualized vs OneshotReAct)
Finished game 43 (Contextualized vs OneshotReAct): 1-0 {White mates}
Started game 56 of 100 (OneshotReAct vs Contextualized)
Finished game 51 (Contextualized vs OneshotReAct): 1-0 {White mates}
Started game 57 of 100 (Contextualized vs OneshotReAct)
Finished game 56 (OneshotReAct vs Contextualized): 0-1 {Black mates}
Started game 58 of 100 (OneshotReAct vs Contextualized)
Finished game 53 (Contextualized vs OneshotReAct): 1-0 {White mates}
Started game 59 of 100 (Contextualized vs OneshotReAct)
Finished game 52 (OneshotReAct vs Contextualized): 0-1 {Black mates}
Started game 60 of 100 (OneshotReAct vs Contextualized)
Finished game 57 (Contextualized vs OneshotReAct): 1-0 {White mates}
Started game 61 of 100 (Contextualized vs OneshotReAct)
Finished game 59 (Contextualized vs OneshotReAct): 1-0 {White mates}
Started game 62 of 100 (OneshotReAct vs Contextualized)
Finished game 54 (OneshotReAct vs Contextualized): 0-1 {Black mates}
Started game 63 of 100 (Contextualized vs OneshotReAct)
Finished game 58 (OneshotReAct vs Contextualized): 0-1 {Black mates}
Started game 64 of 100 (OneshotReAct vs Contextualized)
Finished game 55 (Contextualized vs OneshotReAct): 1-0 {White mates}
Started game 65 of 100 (Contextualized vs OneshotReAct)
Finished game 60 (OneshotReAct vs Contextualized): 0-1 {Black mates}
Results of Contextualized vs OneshotReAct (10+0.1, 1t - NULL, 16MB, 8mvs_+90_+99.epd):
Elo: inf +/- nan, nElo: inf +/- nan
Games: 60, Wins: 60, Losses: 0, Draws: 0, Points: 60.0 (100.00 %)
Started game 66 of 100 (OneshotReAct vs Contextualized)
Finished game 61 (Contextualized vs OneshotReAct): 1-0 {White mates}
Started game 67 of 100 (Contextualized vs OneshotReAct)
Finished game 63 (Contextualized vs OneshotReAct): 1-0 {White mates}
Started game 68 of 100 (OneshotReAct vs Contextualized)
Finished game 65 (Contextualized vs OneshotReAct): 1-0 {White mates}
Started game 69 of 100 (Contextualized vs OneshotReAct)
Finished game 67 (Contextualized vs OneshotReAct): 1-0 {White mates}
Started game 70 of 100 (OneshotReAct vs Contextualized)
Finished game 62 (OneshotReAct vs Contextualized): 0-1 {Black mates}
Started game 71 of 100 (Contextualized vs OneshotReAct)
Finished game 64 (OneshotReAct vs Contextualized): 0-1 {Black mates}
Started game 72 of 100 (OneshotReAct vs Contextualized)
Finished game 71 (Contextualized vs OneshotReAct): 1-0 {White mates}
Started game 73 of 100 (Contextualized vs OneshotReAct)
Finished game 66 (OneshotReAct vs Contextualized): 0-1 {Black mates}
Started game 74 of 100 (OneshotReAct vs Contextualized)
Finished game 68 (OneshotReAct vs Contextualized): 0-1 {Black mates}
Started game 75 of 100 (Contextualized vs OneshotReAct)
Finished game 69 (Contextualized vs OneshotReAct): 1-0 {White mates}
Started game 76 of 100 (OneshotReAct vs Contextualized)
Finished game 70 (OneshotReAct vs Contextualized): 0-1 {Black mates}
Started game 77 of 100 (Contextualized vs OneshotReAct)
Finished game 74 (OneshotReAct vs Contextualized): 0-1 {Black mates}
Started game 78 of 100 (OneshotReAct vs Contextualized)
Finished game 77 (Contextualized vs OneshotReAct): 1-0 {White mates}
Started game 79 of 100 (Contextualized vs OneshotReAct)
Finished game 72 (OneshotReAct vs Contextualized): 0-1 {Black mates}
Started game 80 of 100 (OneshotReAct vs Contextualized)
Finished game 73 (Contextualized vs OneshotReAct): 1-0 {White mates}
Started game 81 of 100 (Contextualized vs OneshotReAct)
Finished game 76 (OneshotReAct vs Contextualized): 0-1 {Black mates}
Started game 82 of 100 (OneshotReAct vs Contextualized)
Finished game 75 (Contextualized vs OneshotReAct): 1-0 {White mates}
Started game 83 of 100 (Contextualized vs OneshotReAct)
Finished game 78 (OneshotReAct vs Contextualized): 0-1 {Black mates}
Started game 84 of 100 (OneshotReAct vs Contextualized)
Finished game 79 (Contextualized vs OneshotReAct): 1-0 {White mates}
Started game 85 of 100 (Contextualized vs OneshotReAct)
Finished game 81 (Contextualized vs OneshotReAct): 1-0 {White mates}
Started game 86 of 100 (OneshotReAct vs Contextualized)
Finished game 80 (OneshotReAct vs Contextualized): 0-1 {Black mates}
Results of Contextualized vs OneshotReAct (10+0.1, 1t - NULL, 16MB, 8mvs_+90_+99.epd):
Elo: inf +/- nan, nElo: inf +/- nan
Games: 80, Wins: 80, Losses: 0, Draws: 0, Points: 80.0 (100.00 %)
Started game 87 of 100 (Contextualized vs OneshotReAct)
Finished game 82 (OneshotReAct vs Contextualized): 0-1 {Black mates}
Started game 88 of 100 (OneshotReAct vs Contextualized)
Finished game 83 (Contextualized vs OneshotReAct): 1-0 {White mates}
Started game 89 of 100 (Contextualized vs OneshotReAct)
Finished game 84 (OneshotReAct vs Contextualized): 0-1 {Black mates}
Started game 90 of 100 (OneshotReAct vs Contextualized)
Finished game 89 (Contextualized vs OneshotReAct): 1-0 {White mates}
Started game 91 of 100 (Contextualized vs OneshotReAct)
Finished game 87 (Contextualized vs OneshotReAct): 1-0 {White mates}
Started game 92 of 100 (OneshotReAct vs Contextualized)
Finished game 85 (Contextualized vs OneshotReAct): 1-0 {White mates}
Started game 93 of 100 (Contextualized vs OneshotReAct)
Finished game 88 (OneshotReAct vs Contextualized): 0-1 {Black mates}
Started game 94 of 100 (OneshotReAct vs Contextualized)
Finished game 86 (OneshotReAct vs Contextualized): 0-1 {Black mates}
Started game 95 of 100 (Contextualized vs OneshotReAct)
Finished game 90 (OneshotReAct vs Contextualized): 0-1 {Black mates}
Started game 96 of 100 (OneshotReAct vs Contextualized)
Finished game 91 (Contextualized vs OneshotReAct): 1-0 {White mates}
Started game 97 of 100 (Contextualized vs OneshotReAct)
Finished game 92 (OneshotReAct vs Contextualized): 0-1 {Black mates}
Started game 98 of 100 (OneshotReAct vs Contextualized)
Finished game 93 (Contextualized vs OneshotReAct): 1-0 {White mates}
Started game 99 of 100 (Contextualized vs OneshotReAct)
Finished game 95 (Contextualized vs OneshotReAct): 1-0 {White mates}
Started game 100 of 100 (OneshotReAct vs Contextualized)
Finished game 96 (OneshotReAct vs Contextualized): 0-1 {Black mates}
Finished game 94 (OneshotReAct vs Contextualized): 0-1 {Black mates}
Finished game 97 (Contextualized vs OneshotReAct): 1-0 {White mates}
Finished game 98 (OneshotReAct vs Contextualized): 0-1 {Black mates}
Finished game 99 (Contextualized vs OneshotReAct): 1-0 {White mates}
Finished game 100 (OneshotReAct vs Contextualized): 0-1 {Black mates}
Results of Contextualized vs OneshotReAct (10+0.1, 1t - NULL, 16MB, 8mvs_+90_+99.epd):
Elo: inf +/- nan, nElo: inf +/- nan
Games: 100, Wins: 100, Losses: 0, Draws: 0, Points: 100.0 (100.00 %)
