Indexing opening suite...
Started game 1 of 80 (ChainOfThought vs OneshotReAct)
Started game 2 of 80 (OneshotReAct vs ChainOfThought)
Started game 3 of 80 (ChainOfThought vs OneshotReAct)
Started game 5 of 80 (ChainOfThought vs OneshotReAct)
Started game 4 of 80 (OneshotReAct vs ChainOfThought)
Started game 6 of 80 (OneshotReAct vs ChainOfThought)
Warning; Bestmove does not match beginning of last PV - move h8f8 from OneshotReAct
Info; info depth 1 nodes 92 time 21 nps 4380 score cp -53 pv b7d5
Position; fen r2qkb1r/1bpp1ppp/np6/p3n3/2P5/2N1P2N/PP2BPPP/R1BQ1RK1 w kq - 2 9
Moves; c3d5 g7g6 d1d4 f8g7 a1b1
Warning; Bestmove does not match beginning of last PV - move c2c4 from OneshotReAct
Info; info depth 2 nodes 398 time 96 nps 4145 score cp -177 pv d3g6 h7g6
Position; fen rn1qk2r/ppp1bppp/3n4/3p4/3P1Bb1/3B1N2/PPP2PPP/RN1Q1RK1 w kq - 6 9
Moves; f3h4 g4h5 h4f5 h5g6 f4d2 d6f5 d1g4 f5d6
Warning; Bestmove does not match beginning of last PV - move a2a4 from OneshotReAct
Info; info depth 2 nodes 210 time 40 nps 5250 score cp -1839 pv b1c3 d8d4
Position; fen rn1qk2r/ppp1bppp/3n4/3p4/3P1Bb1/3B1N2/PPP2PPP/RN1Q1RK1 w kq - 6 9
Moves; f3h4 g4h5 h4f5 h5g6 f4d2 d6f5 d1g4 f5d6 c2c4 d5c4 d2c1 c4d3 f2f3 e8f8 g4f5 d6f5
Warning; Bestmove does not match beginning of last PV - move g2g4 from OneshotReAct
Info; info depth 2 nodes 459 time 106 nps 4330 score cp -1853 pv b1c3 b8c6
Position; fen rn1qk2r/ppp1bppp/3n4/3p4/3P1Bb1/3B1N2/PPP2PPP/RN1Q1RK1 w kq - 6 9
Moves; f3h4 g4h5 h4f5 h5g6 f4d2 d6f5 d1g4 f5d6 c2c4 d5c4 d2c1 c4d3 f2f3 e8f8 g4f5 d6f5 a2a4 d8d4 g1h1 a7a5
Warning; Bestmove does not match beginning of last PV - move f3d4 from OneshotReAct
Info; info depth 2 nodes 331 time 82 nps 4036 score cp -1608 pv e2e3 d7g4
Position; fen r2qkb1r/1ppbnp2/p1np3p/4p1p1/B2PP3/2P1BN2/PP3PPP/RN1Q1RK1 w kq - 0 9
Moves; g2g4 e5d4 d1d4 a6a5 b2b3 c6e5 d4c4 e5g6 c4b4 a5b4 f1e1 b4c3 b1d2 c3c2 e4e5 c2c1q a2a3 c1d2 e1e2 d2e3 a4d7 d8d7
Warning; Bestmove does not match beginning of last PV - move g1f2 from OneshotReAct
Info; info depth 2 nodes 772 time 192 nps 4020 score cp -2540 pv b3b4 e8g8
Position; fen r2qkb1r/1ppbnp2/p1np3p/4p1p1/B2PP3/2P1BN2/PP3PPP/RN1Q1RK1 w kq - 0 9
Moves; g2g4 e5d4 d1d4 a6a5 b2b3 c6e5 d4c4 e5g6 c4b4 a5b4 f1e1 b4c3 b1d2 c3c2 e4e5 c2c1q a2a3 c1d2 e1e2 d2e3 a4d7 d8d7 f3d4 e3f4 e2b2 f4e5 f2f3 e5f6 b2d2 f8g7
Warning; Bestmove does not match beginning of last PV - move h2h4 from OneshotReAct
Info; info depth 3 nodes 623 time 111 nps 5612 score cp -3716 pv b3a5 a8a5 h1g1
Position; fen rn1qk2r/ppp1bppp/3n4/3p4/3P1Bb1/3B1N2/PPP2PPP/RN1Q1RK1 w kq - 6 9
Moves; f3h4 g4h5 h4f5 h5g6 f4d2 d6f5 d1g4 f5d6 c2c4 d5c4 d2c1 c4d3 f2f3 e8f8 g4f5 d6f5 a2a4 d8d4 g1h1 a7a5 g2g4 f5h4 c1h6 g7h6 a1a2 b8a6 g4g5 h6g5 b2b4 a6b4 b1d2 b4a2 f1e1 a2c3 e1a1 h4f5 a1d1 c3d1 d2b3 d4a4
Warning; Bestmove does not match beginning of last PV - move f3f4 from OneshotReAct
Info; info depth 3 nodes 244 time 50 nps 4880 score cp -4018 pv h1g1 d1e3 f3f4
Position; fen rn1qk2r/ppp1bppp/3n4/3p4/3P1Bb1/3B1N2/PPP2PPP/RN1Q1RK1 w kq - 6 9
Moves; f3h4 g4h5 h4f5 h5g6 f4d2 d6f5 d1g4 f5d6 c2c4 d5c4 d2c1 c4d3 f2f3 e8f8 g4f5 d6f5 a2a4 d8d4 g1h1 a7a5 g2g4 f5h4 c1h6 g7h6 a1a2 b8a6 g4g5 h6g5 b2b4 a6b4 b1d2 b4a2 f1e1 a2c3 e1a1 h4f5 a1d1 c3d1 d2b3 d4a4 h2h4 a4b3 h4g5 e7g5
Warning; Bestmove does not match beginning of last PV - move g1f1 from OneshotReAct
Info; info depth 3 nodes 352 time 59 nps 5966 score cp -4068 pv g1g2 g5f4 g2h1
Position; fen rn1qk2r/ppp1bppp/3n4/3p4/3P1Bb1/3B1N2/PPP2PPP/RN1Q1RK1 w kq - 6 9
Moves; f3h4 g4h5 h4f5 h5g6 f4d2 d6f5 d1g4 f5d6 c2c4 d5c4 d2c1 c4d3 f2f3 e8f8 g4f5 d6f5 a2a4 d8d4 g1h1 a7a5 g2g4 f5h4 c1h6 g7h6 a1a2 b8a6 g4g5 h6g5 b2b4 a6b4 b1d2 b4a2 f1e1 a2c3 e1a1 h4f5 a1d1 c3d1 d2b3 d4a4 h2h4 a4b3 h4g5 e7g5 f3f4 f5g3 h1g1 g3e2
Finished game 6 (OneshotReAct vs ChainOfThought): 0-1 {Black mates}
Started game 7 of 80 (ChainOfThought vs OneshotReAct)
Warning; Bestmove does not match beginning of last PV - move e1d2 from OneshotReAct
Info; info depth 3 nodes 699 time 131 nps 5335 score cp -4100 pv e1f2 g5f4 f2g2
Position; fen rn1qk2r/ppp1bppp/3n4/3p4/3P1Bb1/3B1N2/PPP2PPP/RN1Q1RK1 w kq - 6 9
Moves; f3h4 g4h5 h4f5 h5g6 f4d2 d6f5 d1g4 f5d6 c2c4 d5c4 d2c1 c4d3 f2f3 e8f8 g4f5 d6f5 a2a4 d8d4 g1h1 a7a5 g2g4 f5h4 c1h6 g7h6 a1a2 b8a6 g4g5 h6g5 b2b4 a6b4 b1d2 b4a2 f1e1 a2c3 e1a1 h4f5 a1d1 c3d1 d2b3 d4a4 h2h4 a4b3 h4g5 e7g5 f3f4 f5g3 h1g1 g3e2 g1f1 d1e3 f1e1 e3c2
Warning; Bestmove does not match beginning of last PV - move d2d1 from OneshotReAct
Info; info depth 3 nodes 606 time 101 nps 6000 score cp -4130 pv f4f5 g6f5 d2d1
Position; fen rn1qk2r/ppp1bppp/3n4/3p4/3P1Bb1/3B1N2/PPP2PPP/RN1Q1RK1 w kq - 6 9
Moves; f3h4 g4h5 h4f5 h5g6 f4d2 d6f5 d1g4 f5d6 c2c4 d5c4 d2c1 c4d3 f2f3 e8f8 g4f5 d6f5 a2a4 d8d4 g1h1 a7a5 g2g4 f5h4 c1h6 g7h6 a1a2 b8a6 g4g5 h6g5 b2b4 a6b4 b1d2 b4a2 f1e1 a2c3 e1a1 h4f5 a1d1 c3d1 d2b3 d4a4 h2h4 a4b3 h4g5 e7g5 f3f4 f5g3 h1g1 g3e2 g1f1 d1e3 f1e1 e3c2 e1d2 g5f6
Warning; Bestmove does not match beginning of last PV - move h6g4 from OneshotReAct
Info; info depth 2 nodes 433 time 109 nps 3972 score cp -163 pv g6g5 c1g5
Position; fen r1bq1rk1/pp2ppbp/3p2pn/n1pP4/2P1P3/2N2N1P/PP3PP1/R1BQKB1R w KQ - 1 9
Moves; a1b1 g7c3 b2c3
Finished game 4 (OneshotReAct vs ChainOfThought): 0-1 {Black mates}
Started game 8 of 80 (OneshotReAct vs ChainOfThought)
Warning; Bestmove does not match beginning of last PV - move b6b5 from OneshotReAct
Info; info depth 2 nodes 441 time 115 nps 3834 score cp 854 pv d4c3 c1c3
Position; fen r2qkb1r/1ppbnp2/p1np3p/4p1p1/B2PP3/2P1BN2/PP3PPP/RN1Q1RK1 w kq - 0 9
Moves; b1d2 d7h3 a1b1 h8h7 b1c1 a8a7 c1b1 f7f6 b1c1 h3g2 c1b1 g5g4 b1c1 g2f1 c1b1 b7b6 b1c1 e7d5 c1b1 h7f7 b1c1 f7g7 c1b1 e8f7 b1c1 c6b4 c1b1 b4d3 b1c1 f8e7 c1b1 d8b8 b1c1 b8h8 c1b1 g7g5 b1c1 d3b4 c1b1 g4f3 e3g5 h8g8 b1c1 e7d8 c1b1 a6a5 b1c1 c7c5 c1b1 c5c4 b1c1 h6g5 c1b1 f1g2 b1c1 g8h7 c1b1 f7e7 b1c1 e7e6 c1b1 h7h6 b1c1 h6h3 c1b1 b4a6 b1c1 a7h7 c1b1 h7h5 b1c1 e6f7 c1b1 h3e6 b1c1 d5e7 c1b1 e5d4 b1c1
Warning; Bestmove does not match beginning of last PV - move a5c6 from OneshotReAct
Info; info depth 2 nodes 325 time 83 nps 3915 score cp 318 pv f5e4 e1f1
Position; fen r1bq1rk1/pp2ppbp/3p2pn/n1pP4/2P1P3/2N2N1P/PP3PP1/R1BQKB1R w KQ - 1 9
Moves; a1b1 g7c3 b2c3 h6g4 b1a1 g4h2 a1b1 a7a6 b1a1 f7f5 a1b1 h7h5 b1a1 g8g7 a1b1 f8e8 b1a1 h2f1 a1b1
Warning; Bestmove does not match beginning of last PV - move h5h6 from OneshotReAct
Info; info depth 2 nodes 436 time 112 nps 3892 score cp 1144 pv d4c3 c1c3
Position; fen r2qkb1r/1ppbnp2/p1np3p/4p1p1/B2PP3/2P1BN2/PP3PPP/RN1Q1RK1 w kq - 0 9
Moves; b1d2 d7h3 a1b1 h8h7 b1c1 a8a7 c1b1 f7f6 b1c1 h3g2 c1b1 g5g4 b1c1 g2f1 c1b1 b7b6 b1c1 e7d5 c1b1 h7f7 b1c1 f7g7 c1b1 e8f7 b1c1 c6b4 c1b1 b4d3 b1c1 f8e7 c1b1 d8b8 b1c1 b8h8 c1b1 g7g5 b1c1 d3b4 c1b1 g4f3 e3g5 h8g8 b1c1 e7d8 c1b1 a6a5 b1c1 c7c5 c1b1 c5c4 b1c1 h6g5 c1b1 f1g2 b1c1 g8h7 c1b1 f7e7 b1c1 e7e6 c1b1 h7h6 b1c1 h6h3 c1b1 b4a6 b1c1 a7h7 c1b1 h7h5 b1c1 e6f7 c1b1 h3e6 b1c1 d5e7 c1b1 e5d4 b1c1 b6b5 c1b1 e6h3 b1c1 h3c8 c1b1 b5a4 b1c1
Warning; Bestmove does not match beginning of last PV - move g5e6 from OneshotReAct
Info; info depth 1 nodes 123 time 24 nps 5125 score cp 41 pv d4e5
Position; fen r1bq1rk1/pp2ppbp/3p2pn/n1pP4/2P1P3/2N2N1P/PP3PP1/R1BQKB1R w KQ - 1 9
Moves; h1h2 a5c6 b2b4 c5b4 d1d4 b4b3 f3g5 b3b2 c3b5 b2b1q e1d1 b1c2 d1c2 c6e5
Warning; Bestmove does not match beginning of last PV - move f1h2 from OneshotReAct
Info; info depth 2 nodes 531 time 163 nps 3257 score cp 526 pv e4f3 e1f1
Position; fen r1bq1rk1/pp2ppbp/3p2pn/n1pP4/2P1P3/2N2N1P/PP3PP1/R1BQKB1R w KQ - 1 9
Moves; a1b1 g7c3 b2c3 h6g4 b1a1 g4h2 a1b1 a7a6 b1a1 f7f5 a1b1 h7h5 b1a1 g8g7 a1b1 f8e8 b1a1 h2f1 a1b1 a5c6 b1a1 f5e4 a1b1
Finished game 5 (ChainOfThought vs OneshotReAct): 0-1 {White loses on time}
Started game 9 of 80 (ChainOfThought vs OneshotReAct)
Warning; Bestmove does not match beginning of last PV - move d6c5 from OneshotReAct
Info; info depth 1 nodes 148 time 36 nps 4111 score cp -1723 pv d6e7
Position; fen r2qkb1r/1bpp1ppp/np6/p3n3/2P5/2N1P2N/PP2BPPP/R1BQ1RK1 w kq - 2 9
Moves; d1d5 a5a4 e2h5 a4a3 d5e4 a3b2 h5d1 b2b1q e4c6 b1c2 f2f3 c2d3 c6c7 d3e4 g1h1 e4f5 c1a3 e5g6 h3g1 f5e6 g1e2 a6c7 f1e1 b6b5 c4b5 e6f5 h2h4 f5e6 a1b1 e6f5 c3a4 f5e6 a3b2 e6f5 b2c1 f5e6 e1g1 e6f5 g1f1 f5e6 b1a1 e6f5 a2a3 f5e6 f3f4 e6f5 f1f3 f5e6 f3h3 e6f5 b5b6 f5e6 e2g1 e6f5 h4h5 f5e6 a1b1 e6f5 g1f3 f5e6 c1b2 e6f5 f3d2 f5e6 b2d4 e6f5 d4f6 f5e6 d2e4 e6f5 h5g6 f5g6 e4d2 g6h5 f6d4 h5g6 b1b2 g6h5 b2a2 h5g6 d4e5 g6h5 e5c7 h5g6 a4c3 g6h5 d1a4 h5g6 c3e4 g6h5 e4d6 f8d6 h3h2 h5g6 a2c2 d6e7 h2h5 g6h5 h1g1 h5g6 c7d6 g6h5 c2c1 h5g6 c1c2 g6h5 d2e4 h5g6 g1h2 g6h5 h2g3 h5g6 g3f3 g6h5 f3f2 h5g6
Finished game 3 (ChainOfThought vs OneshotReAct): 0-1 {White loses on time}
Started game 10 of 80 (OneshotReAct vs ChainOfThought)
Finished game 1 (ChainOfThought vs OneshotReAct): 0-1 {White loses on time}
Started game 11 of 80 (ChainOfThought vs OneshotReAct)
Finished game 2 (OneshotReAct vs ChainOfThought): 1-0 {Black loses on time}
Started game 12 of 80 (OneshotReAct vs ChainOfThought)
Warning; Bestmove does not match beginning of last PV - move b2b4 from OneshotReAct
Info; info depth 2 nodes 372 time 85 nps 4376 score cp -1138 pv g3e2 b8d7
Position; fen rnbqrbk1/pppp1ppp/5n2/3P4/2P1p3/P1N1P1N1/1P3PPP/R1BQKB1R w KQ - 0 9
Moves; h1g1 d7d6 d1f3 e4f3 a1a2 c8g4 c3e2 f3e2
Warning; Bestmove does not match beginning of last PV - move c1b2 from OneshotReAct
Info; info depth 3 nodes 800 time 148 nps 5405 score cp -1530 pv g3e4 e8e4 c1b2
Position; fen rnbqrbk1/pppp1ppp/5n2/3P4/2P1p3/P1N1P1N1/1P3PPP/R1BQKB1R w KQ - 0 9
Moves; h1g1 d7d6 d1f3 e4f3 a1a2 c8g4 c3e2 f3e2 b2b4 e2f1q e1f1 f6e4
Warning; Bestmove does not match beginning of last PV - move d2e3 from OneshotReAct
Info; info depth 2 nodes 338 time 91 nps 3714 score cp -91 pv c8a7 a8a7
Position; fen r1bq1rk1/pp2ppbp/3p2pn/n1pP4/2P1P3/2N2N1P/PP3PP1/R1BQKB1R w KQ - 1 9
Moves; h1h2 a5c6 b2b4 c5b4 d1d4 b4b3 f3g5 b3b2 c3b5 b2b1q e1d1 b1c2 d1c2 c6e5 g5e6 e5g4 b5d6 g4e5 c2b2 e5g4 c1f4 g4e5 d4d3 e5g4 e6d4 g4e5 f4e3 e5g4 d3d1 g4e5 d1h5 e5g4 h3h4 g4e5 e3f4 e5g4 f4c1 g4e5 b2c3 e5g4 a2a4 g4e5 h5g6 e5g6 c1f4 g6e5 f4h6 e5g6 h6c1 g6e5 c3d2 e5g6 d6c8 g6e5
Warning; Bestmove does not match beginning of last PV - move d8e8 from OneshotReAct
Info; info depth 2 nodes 311 time 76 nps 4092 score cp -350 pv c6b4 e2f3
Position; fen r1bq1rk1/pp2ppbp/2np2pn/8/2PNP3/4B3/PP2BPPP/RN1Q1RK1 w - - 2 9
Moves; b1d2 g7d4 e3h6 f7f6 a1b1 c6e5 b1c1 e5c6 c1b1 b7b6 h6f8 d4c5 b2b4 c8f5 b1c1 e7e5 c1b1 c5d4 b1c1 c6a5 c1b1 a5c6 b1c1 f5c8 f8h6
Warning; Bestmove does not match beginning of last PV - move e7e6 from OneshotReAct
Info; info depth 2 nodes 434 time 120 nps 3616 score cp 475 pv c6e5 f3e5
Position; fen r1bq1rk1/pp2ppbp/3p2pn/n1pP4/2P1P3/2N2N1P/PP3PP1/R1BQKB1R w KQ - 1 9
Moves; a1b1 g7c3 b2c3 h6g4 b1a1 g4h2 a1b1 a7a6 b1a1 f7f5 a1b1 h7h5 b1a1 g8g7 a1b1 f8e8 b1a1 h2f1 a1b1 a5c6 b1a1 f5e4 a1b1 f1h2 b1a1 a8b8 a1b1 g7g8 b1a1 e4e3 a1b1 c8d7 b1a1 a6a5 a1b1 d7e6 b1a1 c6b4 a1b1 d8d7 b1a1 e8d8 a1b1 e6h3 b1a1 b4c6 a1b1 h5h4 b1a1 h2f1 a1b1 d7g4 b1a1 g8f8 a1b1 g4f5 b1a1 f5d7 a1b1 d7e8 b1a1 d8c8 a1b1 h3d7 b1a1 e8d8 a1b1 f1h2 b1a1 c6d4 a1b1 f8g8 b1a1 e3f2 e1f2 d4c6 a1b1 g8f7 b1a1 h2g4 f2g1
Warning; Bestmove does not match beginning of last PV - move c6e5 from OneshotReAct
Info; info depth 2 nodes 447 time 160 nps 2793 score cp 675 pv h2f3 d1f3
Position; fen r1bq1rk1/pp2ppbp/3p2pn/n1pP4/2P1P3/2N2N1P/PP3PP1/R1BQKB1R w KQ - 1 9
Moves; a1b1 g7c3 b2c3 h6g4 b1a1 g4h2 a1b1 a7a6 b1a1 f7f5 a1b1 h7h5 b1a1 g8g7 a1b1 f8e8 b1a1 h2f1 a1b1 a5c6 b1a1 f5e4 a1b1 f1h2 b1a1 a8b8 a1b1 g7g8 b1a1 e4e3 a1b1 c8d7 b1a1 a6a5 a1b1 d7e6 b1a1 c6b4 a1b1 d8d7 b1a1 e8d8 a1b1 e6h3 b1a1 b4c6 a1b1 h5h4 b1a1 h2f1 a1b1 d7g4 b1a1 g8f8 a1b1 g4f5 b1a1 f5d7 a1b1 d7e8 b1a1 d8c8 a1b1 h3d7 b1a1 e8d8 a1b1 f1h2 b1a1 c6d4 a1b1 f8g8 b1a1 e3f2 e1f2 d4c6 a1b1 g8f7 b1a1 h2g4 f2g1 e7e6 a1b1 f7f6 b1a1 g4h2 a1b1 d8e7 b1a1 e6d5 a1b1
Warning; Bestmove does not match beginning of last PV - move d3e3 from OneshotReAct
Info; info depth 2 nodes 375 time 81 nps 4629 score cp 1018 pv c6d8 a8c8
Position; fen r1bq1rk1/pp2ppbp/3p2pn/n1pP4/2P1P3/2N2N1P/PP3PP1/R1BQKB1R w KQ - 1 9
Moves; h1h2 a5c6 b2b4 c5b4 d1d4 b4b3 f3g5 b3b2 c3b5 b2b1q e1d1 b1c2 d1c2 c6e5 g5e6 e5g4 b5d6 g4e5 c2b2 e5g4 c1f4 g4e5 d4d3 e5g4 e6d4 g4e5 f4e3 e5g4 d3d1 g4e5 d1h5 e5g4 h3h4 g4e5 e3f4 e5g4 f4c1 g4e5 b2c3 e5g4 a2a4 g4e5 h5g6 e5g6 c1f4 g6e5 f4h6 e5g6 h6c1 g6e5 c3d2 e5g6 d6c8 g6e5 d2e3 e5g6 c1b2 g6e5 e3e2 e5g6 a1e1 g6e5 d4c6 e5g6 a4a5 g6e5 e2e3 e5g6 f2f4 g6e5 e1d1 e5g6 f1e2 g6e5 b2a3 e5g6 e3d3 g6e5 f4e5 a7a6
Finished game 7 (ChainOfThought vs OneshotReAct): 0-1 {White loses on time}
Started game 13 of 80 (ChainOfThought vs OneshotReAct)
Warning; Bestmove does not match beginning of last PV - move f7g6 from OneshotReAct
Info; info depth 3 nodes 844 time 159 nps 5308 score cp -2612 pv f7g8 c6c7 c5f2
Position; fen r1bq1rk1/pp2ppbp/2np2pn/8/2PNP3/4B3/PP2BPPP/RN1Q1RK1 w - - 2 9
Moves; b1d2 g7d4 e3h6 f7f6 a1b1 c6e5 b1c1 e5c6 c1b1 b7b6 h6f8 d4c5 b2b4 c8f5 b1c1 e7e5 c1b1 c5d4 b1c1 c6a5 c1b1 a5c6 b1c1 f5c8 f8h6 d8e8 b4b5 d4c5 b5c6 g6g5 d1a4 c5e3 c1d1 e3c5 a2a3 e8f8 h6f8 c8g4 d1e1 a8c8 e1d1 c8b8 d1e1 g8f8 a4a7 g4c8 a7b8 f8g8 d2b3 g5g4 b8c8 g8f7 c8d7
Warning; Bestmove does not match beginning of last PV - move b6b5 from OneshotReAct
Info; info depth 2 nodes 148 time 21 nps 7047 score cp -2565 pv d6c5 d7g4
Position; fen r1bq1rk1/pp2ppbp/2np2pn/8/2PNP3/4B3/PP2BPPP/RN1Q1RK1 w - - 2 9
Moves; b1d2 g7d4 e3h6 f7f6 a1b1 c6e5 b1c1 e5c6 c1b1 b7b6 h6f8 d4c5 b2b4 c8f5 b1c1 e7e5 c1b1 c5d4 b1c1 c6a5 c1b1 a5c6 b1c1 f5c8 f8h6 d8e8 b4b5 d4c5 b5c6 g6g5 d1a4 c5e3 c1d1 e3c5 a2a3 e8f8 h6f8 c8g4 d1e1 a8c8 e1d1 c8b8 d1e1 g8f8 a4a7 g4c8 a7b8 f8g8 d2b3 g5g4 b8c8 g8f7 c8d7 f7g6 b3c5
Warning; Bestmove does not match beginning of last PV - move d8e7 from OneshotReAct
Info; info depth 2 nodes 436 time 109 nps 4000 score cp -6 pv d5c4 d3c4
Position; fen r2qk2r/pbpn1ppp/1p1ppn2/8/2PPP3/P1B5/1PQ2PPP/R3KBNR w KQkq - 1 9
Moves; f1d3 c7c6 g1f3 d6d5 a1b1
Finished game 8 (OneshotReAct vs ChainOfThought): 1-0 {Black loses on time}
Started game 14 of 80 (OneshotReAct vs ChainOfThought)
Warning; Bestmove does not match beginning of last PV - move h5g6 from OneshotReAct
Info; info depth 3 nodes 709 time 147 nps 4823 score cp -3772 pv h5h6 d1d6
Position; fen r1bq1rk1/pp2ppbp/2np2pn/8/2PNP3/4B3/PP2BPPP/RN1Q1RK1 w - - 2 9
Moves; b1d2 g7d4 e3h6 f7f6 a1b1 c6e5 b1c1 e5c6 c1b1 b7b6 h6f8 d4c5 b2b4 c8f5 b1c1 e7e5 c1b1 c5d4 b1c1 c6a5 c1b1 a5c6 b1c1 f5c8 f8h6 d8e8 b4b5 d4c5 b5c6 g6g5 d1a4 c5e3 c1d1 e3c5 a2a3 e8f8 h6f8 c8g4 d1e1 a8c8 e1d1 c8b8 d1e1 g8f8 a4a7 g4c8 a7b8 f8g8 d2b3 g5g4 b8c8 g8f7 c8d7 f7g6 b3c5 b6b5 e1d1 g6h6 d7d6 b5b4 d6f6 h6h5 f6f5 h5h6 f5f6 h6h5 f6e5
Warning; Bestmove does not match beginning of last PV - move g6g5 from OneshotReAct
Info; info depth 3 nodes 563 time 112 nps 5026 score cp -3736 pv g6g7 c6c7 b4a3
Position; fen r1bq1rk1/pp2ppbp/2np2pn/8/2PNP3/4B3/PP2BPPP/RN1Q1RK1 w - - 2 9
Moves; b1d2 g7d4 e3h6 f7f6 a1b1 c6e5 b1c1 e5c6 c1b1 b7b6 h6f8 d4c5 b2b4 c8f5 b1c1 e7e5 c1b1 c5d4 b1c1 c6a5 c1b1 a5c6 b1c1 f5c8 f8h6 d8e8 b4b5 d4c5 b5c6 g6g5 d1a4 c5e3 c1d1 e3c5 a2a3 e8f8 h6f8 c8g4 d1e1 a8c8 e1d1 c8b8 d1e1 g8f8 a4a7 g4c8 a7b8 f8g8 d2b3 g5g4 b8c8 g8f7 c8d7 f7g6 b3c5 b6b5 e1d1 g6h6 d7d6 b5b4 d6f6 h6h5 f6f5 h5h6 f5f6 h6h5 f6e5 h5g6 e5e6
Finished game 9 (ChainOfThought vs OneshotReAct): 1-0 {White mates}
Started game 15 of 80 (ChainOfThought vs OneshotReAct)
Warning; Bestmove does not match beginning of last PV - move d4d5 from OneshotReAct
Info; info depth 2 nodes 186 time 33 nps 5636 score cp -1421 pv h3f4 e8g8
Position; fen r2qk2r/pbpn1ppp/1p1ppn2/8/2PPP3/P1B5/1PQ2PPP/R3KBNR w KQkq - 1 9
Moves; g1h3 b7e4 a1b1 e4c2 b2b4 c2b1
Warning; Bestmove does not match beginning of last PV - move c2b2 from OneshotReAct
Info; info depth 2 nodes 400 time 93 nps 4301 score cp -1191 pv e4e8 d7e8
Position; fen rnbqrbk1/pppp1ppp/5n2/3P4/2P1p3/P1N1P1N1/1P3PPP/R1BQKB1R w KQ - 0 9
Moves; h1g1 d7d6 d1f3 e4f3 a1a2 c8g4 c3e2 f3e2 b2b4 e2f1q e1f1 f6e4 c1b2 e4g5 h2h3 g4d7 g1h1 b8a6 h1g1 g5e4 b4b5 e4g5 b2g7 g5e6 g7a1 a6c5 h3h4 c5e4 a1f6 e4g5 a2d2 g5e4 g3h1 e4g5 f1e1 g5e4 f6a1 e4g5 d2d3 g5e4 h1g3 e4g5 g3h5 g5e4 g1f1 e4g5 a1e5 g5e4 e5f6 e4g5 g2g4 g5e4 d3d1 e4g5 e3e4 g5e4 d1d3 e4g5 f6g7 g5e4 h5g3 e4g5 h4g5 e6g7 e1d1 a7a6 f1g1 a6a5 g3e2 a5a4 d1d2 b7b6 g1e1 c7c6 b5c6 b6b5 d3h3 b5b4 c4c5 b4b3 h3c3 b3b2 e2f4 b2b1q e1e4 b1c2 d2c2 d6c5
Warning; Bestmove does not match beginning of last PV - move e8e2 from OneshotReAct
Info; info depth 2 nodes 338 time 74 nps 4567 score cp 233 pv e8d8 f6g5
Position; fen rnbqrbk1/pppp1ppp/5n2/3P4/2P1p3/P1N1P1N1/1P3PPP/R1BQKB1R w KQ - 0 9
Moves; h1g1 d7d6 d1f3 e4f3 a1a2 c8g4 c3e2 f3e2 b2b4 e2f1q e1f1 f6e4 c1b2 e4g5 h2h3 g4d7 g1h1 b8a6 h1g1 g5e4 b4b5 e4g5 b2g7 g5e6 g7a1 a6c5 h3h4 c5e4 a1f6 e4g5 a2d2 g5e4 g3h1 e4g5 f1e1 g5e4 f6a1 e4g5 d2d3 g5e4 h1g3 e4g5 g3h5 g5e4 g1f1 e4g5 a1e5 g5e4 e5f6 e4g5 g2g4 g5e4 d3d1 e4g5 e3e4 g5e4 d1d3 e4g5 f6g7 g5e4 h5g3 e4g5 h4g5 e6g7 e1d1 a7a6 f1g1 a6a5 g3e2 a5a4 d1d2 b7b6 g1e1 c7c6 b5c6 b6b5 d3h3 b5b4 c4c5 b4b3 h3c3 b3b2 e2f4 b2b1q e1e4 b1c2 d2c2 d6c5 c2b2 c5c4 c3c4 d7c8 e4e8 f7f6
Finished game 10 (OneshotReAct vs ChainOfThought): 1-0 {Black loses on time}
Started game 16 of 80 (OneshotReAct vs ChainOfThought)
Warning; Bestmove does not match beginning of last PV - move e4d6 from OneshotReAct
Info; info depth 2 nodes 483 time 122 nps 3959 score cp -1416 pv h5g6 h7g6
Position; fen r2qk2r/pbpn1ppp/1p1ppn2/8/2PPP3/P1B5/1PQ2PPP/R3KBNR w KQkq - 1 9
Moves; g1h3 b7e4 a1b1 e4c2 b2b4 c2b1 d4d5 b1c2 g2g3 c2d3 f1e2 d3e4 f2f4 e4f5 h3g5 f5g6 c3b2 b6b5 g5e4 b5c4 e2h5 c4c3 h1g1 c3c2 b2c3 c2c1q e1e2 c1d2 e2d2 e6e5
Finished game 12 (OneshotReAct vs ChainOfThought): 1-0 {Black loses on time}
Started game 17 of 80 (ChainOfThought vs OneshotReAct)
Finished game 11 (ChainOfThought vs OneshotReAct): 0-1 {White loses on time}
Started game 18 of 80 (OneshotReAct vs ChainOfThought)
Warning; Bestmove does not match beginning of last PV - move e1e2 from OneshotReAct
Info; info depth 2 nodes 338 time 84 nps 4023 score cp -1110 pv f3d2 g5d2
Position; fen r1bqk2r/1p2bppp/p1npp1n1/2p5/3PP3/2P2N2/PP3PPP/RNBQRBK1 w kq - 0 9
Moves; c1g5 c5c4 e1e2 e7g5 d1d3 c4d3 e2e1 d3d2
Warning; Bestmove does not match beginning of last PV - move g3g4 from OneshotReAct
Info; info depth 2 nodes 219 time 40 nps 5475 score cp -2163 pv g1f1 b8b5
Position; fen r2qk2r/pbpn1ppp/1p1ppn2/8/2PPP3/P1B5/1PQ2PPP/R3KBNR w KQkq - 1 9
Moves; g1h3 b7e4 a1b1 e4c2 b2b4 c2b1 d4d5 b1c2 g2g3 c2d3 f1e2 d3e4 f2f4 e4f5 h3g5 f5g6 c3b2 b6b5 g5e4 b5c4 e2h5 c4c3 h1g1 c3c2 b2c3 c2c1q e1e2 c1d2 e2d2 e6e5 e4d6 c7d6 h2h4 e5e4 d2c1 e4e3 g1e1 e3e2 h5f3 f6h5 e1g1 e2e1q c3e1 a8b8 f3e4 h5f6 c1c2 f6h5 b4b5 h5f6 c2d1 g6e4 f4f5 f6d5
Warning; Bestmove does not match beginning of last PV - move d7d6 from OneshotReAct
Info; info depth 2 nodes 647 time 171 nps 3783 score cp 963 pv b3a2 b1a1
Position; fen r1b1k2r/1p1pnpbp/pqn1p1p1/2p5/2P1P3/2NP1N2/PP1BBPPP/R2Q1RK1 w kq - 4 9
Moves; a1b1 b6d8 f3g5 h7h6 b1c1 g7c3 c1b1 h8f8 g5f7 a8a7 b1c1 b7b5 c1b1 b5b4 b1c1 e7d5 c1b1 d5f4 b1c1 f4h5 c1b1 f8g8 b1c1 g8f8 c1b1 b4b3 b1c1 c3h8 c1b1 d8b6 b1c1 c6b4 c1b1 b6a5 b1c1 f8f7 c1b1 h8c3 b1c1 b4c6 c1b1 f7f3 b1c1 c6d8 c1b1 c8b7 b1c1 f3f7 c1b1 f7f4 b1c1 h5g7 c1b1 f4f7 b1c1 c3d2 c1b1
Warning; Bestmove does not match beginning of last PV - move d2d3 from OneshotReAct
Info; info depth 2 nodes 207 time 37 nps 5594 score cp -2412 pv g1g4 f3g4
Position; fen r2qk2r/pbpn1ppp/1p1ppn2/8/2PPP3/P1B5/1PQ2PPP/R3KBNR w KQkq - 1 9
Moves; g1h3 b7e4 a1b1 e4c2 b2b4 c2b1 d4d5 b1c2 g2g3 c2d3 f1e2 d3e4 f2f4 e4f5 h3g5 f5g6 c3b2 b6b5 g5e4 b5c4 e2h5 c4c3 h1g1 c3c2 b2c3 c2c1q e1e2 c1d2 e2d2 e6e5 e4d6 c7d6 h2h4 e5e4 d2c1 e4e3 g1e1 e3e2 h5f3 f6h5 e1g1 e2e1q c3e1 a8b8 f3e4 h5f6 c1c2 f6h5 b4b5 h5f6 c2d1 g6e4 f4f5 f6d5 g3g4 b8b5 d1d2 e8g8 d2d1 e4f3 d1c2 d5e3 c2d2 e3g4
Warning; Bestmove does not match beginning of last PV - move c3c4 from OneshotReAct
Info; info depth 2 nodes 327 time 56 nps 5839 score cp -2483 pv g1g4 f5g4
Position; fen r2qk2r/pbpn1ppp/1p1ppn2/8/2PPP3/P1B5/1PQ2PPP/R3KBNR w KQkq - 1 9
Moves; g1h3 b7e4 a1b1 e4c2 b2b4 c2b1 d4d5 b1c2 g2g3 c2d3 f1e2 d3e4 f2f4 e4f5 h3g5 f5g6 c3b2 b6b5 g5e4 b5c4 e2h5 c4c3 h1g1 c3c2 b2c3 c2c1q e1e2 c1d2 e2d2 e6e5 e4d6 c7d6 h2h4 e5e4 d2c1 e4e3 g1e1 e3e2 h5f3 f6h5 e1g1 e2e1q c3e1 a8b8 f3e4 h5f6 c1c2 f6h5 b4b5 h5f6 c2d1 g6e4 f4f5 f6d5 g3g4 b8b5 d1d2 e8g8 d2d1 e4f3 d1c2 d5e3 c2d2 e3g4 d2d3 f3e4 d3c3 e4f5
Finished game 14 (OneshotReAct vs ChainOfThought): 0-1 {Black mates}
Started game 19 of 80 (ChainOfThought vs OneshotReAct)
Warning; Bestmove does not match beginning of last PV - move b1c1 from OneshotReAct
Info; info depth 2 nodes 313 time 73 nps 4287 score cp -2507 pv c6b7 c8b7
Position; fen r1bqk2r/1p2bppp/p1npp1n1/2p5/3PP3/2P2N2/PP3PPP/RNBQRBK1 w kq - 0 9
Moves; c1g5 c5c4 e1e2 e7g5 d1d3 c4d3 e2e1 d3d2 e1e2 d2d1q g1h1 e8g8 h2h4 d1e2 b1a3 e2f3 a3c2 f3g4 d4d5 g4h5 a1b1 g5h6 b2b3 h5g4 d5c6 g4h5
Warning; Bestmove does not match beginning of last PV - move g7h8 from OneshotReAct
Info; info depth 2 nodes 555 time 164 nps 3384 score cp -66 pv b8d7 d1d3
Position; fen rnbq1rk1/1p3pbp/2pppnp1/p7/P2PP3/1BN2N1P/1PP2PP1/R1BQK2R w KQ - 0 9
Moves; e1g1 d8e8 c1f4 e8e7 a1b1
Finished game 13 (ChainOfThought vs OneshotReAct): 1/2-1/2 {Draw by 3-fold repetition}
Started game 20 of 80 (OneshotReAct vs ChainOfThought)
Warning; Bestmove does not match beginning of last PV - move f2f3 from OneshotReAct
Info; info depth 2 nodes 406 time 103 nps 3941 score cp -1583 pv c6b7 c8b7
Position; fen r1bqk2r/1p2bppp/p1npp1n1/2p5/3PP3/2P2N2/PP3PPP/RNBQRBK1 w kq - 0 9
Moves; c1g5 c5c4 e1e2 e7g5 d1d3 c4d3 e2e1 d3d2 e1e2 d2d1q g1h1 e8g8 h2h4 d1e2 b1a3 e2f3 a3c2 f3g4 d4d5 g4h5 a1b1 g5h6 b2b3 h5g4 d5c6 g4h5 b1c1 h5g4 f1e2 g4h5 e2f3 h5g4 c3c4 g4h5 c1g1 h5g4 f3g4 a6a5
Warning; Bestmove does not match beginning of last PV - move g2g3 from OneshotReAct
Info; info depth 2 nodes 446 time 97 nps 4597 score cp -447 pv b7a8q g6e5
Position; fen r1bqk2r/1p2bppp/p1npp1n1/2p5/3PP3/2P2N2/PP3PPP/RNBQRBK1 w kq - 0 9
Moves; c1g5 c5c4 e1e2 e7g5 d1d3 c4d3 e2e1 d3d2 e1e2 d2d1q g1h1 e8g8 h2h4 d1e2 b1a3 e2f3 a3c2 f3g4 d4d5 g4h5 a1b1 g5h6 b2b3 h5g4 d5c6 g4h5 b1c1 h5g4 f1e2 g4h5 e2f3 h5g4 c3c4 g4h5 c1g1 h5g4 f3g4 a6a5 f2f3 a5a4 c2a1 a4a3 e4e5 d6d5 g4h3 d5d4 c6b7 d4d3
Finished game 15 (ChainOfThought vs OneshotReAct): 0-1 {White loses on time}
Started game 21 of 80 (ChainOfThought vs OneshotReAct)
Warning; Bestmove does not match beginning of last PV - move h3f1 from OneshotReAct
Info; info depth 3 nodes 621 time 122 nps 5090 score cp -1652 pv h1g2 d1a1 a8c7
Position; fen r1bqk2r/1p2bppp/p1npp1n1/2p5/3PP3/2P2N2/PP3PPP/RNBQRBK1 w kq - 0 9
Moves; c1g5 c5c4 e1e2 e7g5 d1d3 c4d3 e2e1 d3d2 e1e2 d2d1q g1h1 e8g8 h2h4 d1e2 b1a3 e2f3 a3c2 f3g4 d4d5 g4h5 a1b1 g5h6 b2b3 h5g4 d5c6 g4h5 b1c1 h5g4 f1e2 g4h5 e2f3 h5g4 c3c4 g4h5 c1g1 h5g4 f3g4 a6a5 f2f3 a5a4 c2a1 a4a3 e4e5 d6d5 g4h3 d5d4 c6b7 d4d3 g2g3 d3d2 b7a8n d2d1q g1d1 d8d1
Warning; Bestmove does not match beginning of last PV - move a8b6 from OneshotReAct
Info; info depth 3 nodes 912 time 163 nps 5595 score cp -2090 pv a8c7 g6e5 c4c5
Position; fen r1bqk2r/1p2bppp/p1npp1n1/2p5/3PP3/2P2N2/PP3PPP/RNBQRBK1 w kq - 0 9
Moves; c1g5 c5c4 e1e2 e7g5 d1d3 c4d3 e2e1 d3d2 e1e2 d2d1q g1h1 e8g8 h2h4 d1e2 b1a3 e2f3 a3c2 f3g4 d4d5 g4h5 a1b1 g5h6 b2b3 h5g4 d5c6 g4h5 b1c1 h5g4 f1e2 g4h5 e2f3 h5g4 c3c4 g4h5 c1g1 h5g4 f3g4 a6a5 f2f3 a5a4 c2a1 a4a3 e4e5 d6d5 g4h3 d5d4 c6b7 d4d3 g2g3 d3d2 b7a8n d2d1q g1d1 d8d1 h3f1 d1f1 h1h2 f1a1
Warning; Bestmove does not match beginning of last PV - move h3g4 from OneshotReAct
Info; info depth 2 nodes 544 time 84 nps 6476 score cp -1972 pv b6c8 f8c8
Position; fen r1bqk2r/1p2bppp/p1npp1n1/2p5/3PP3/2P2N2/PP3PPP/RNBQRBK1 w kq - 0 9
Moves; c1g5 c5c4 e1e2 e7g5 d1d3 c4d3 e2e1 d3d2 e1e2 d2d1q g1h1 e8g8 h2h4 d1e2 b1a3 e2f3 a3c2 f3g4 d4d5 g4h5 a1b1 g5h6 b2b3 h5g4 d5c6 g4h5 b1c1 h5g4 f1e2 g4h5 e2f3 h5g4 c3c4 g4h5 c1g1 h5g4 f3g4 a6a5 f2f3 a5a4 c2a1 a4a3 e4e5 d6d5 g4h3 d5d4 c6b7 d4d3 g2g3 d3d2 b7a8n d2d1q g1d1 d8d1 h3f1 d1f1 h1h2 f1a1 a8b6 a1b2 h2h3 b2e5
Finished game 18 (OneshotReAct vs ChainOfThought): 0-1 {Black mates}
Started game 22 of 80 (OneshotReAct vs ChainOfThought)
Finished game 17 (ChainOfThought vs OneshotReAct): 0-1 {Black mates}
Started game 23 of 80 (ChainOfThought vs OneshotReAct)
Warning; Bestmove does not match beginning of last PV - move d6d5 from OneshotReAct
Info; info depth 2 nodes 57 time 7 nps 8142 score cp -376 pv b8c6 c1e3
Position; fen rnb1kb1r/1pq2ppp/p2ppn2/8/2P1P3/1N1B4/PP3PPP/RNBQ1RK1 w kq - 0 9
Moves; b1c3 f6g4 d1g4 e8e7 g4g5 f7f6 g5h5
Warning; Bestmove does not match beginning of last PV - move h8f8 from OneshotReAct
Info; info depth 2 nodes 874 time 261 nps 3348 score cp 357 pv d4e3 f3e3
Position; fen r2qk2r/pp1nbppp/2pp1n2/4p3/3PP3/2N1BQ1P/PPP1BPP1/R3K2R w KQkq - 2 9
Moves; a1b1 d8c8 b1c1 e5d4 c1d1
Warning; Bestmove does not match beginning of last PV - move e3c1 from OneshotReAct
Info; info depth 2 nodes 502 time 123 nps 4081 score cp 238 pv c4a6 b4a3
Position; fen rnbq1rk1/1p3pbp/2pppnp1/p7/P2PP3/1BN2N1P/1PP2PP1/R1BQK2R w KQ - 0 9
Moves; h1f1 d8b6 f3h2 b8d7 a1a3 b6a6 c3d5 a6b5 c2c3 b5a6 e4e5 a6b5 d1h5 b5a6 h5h4 a6b5 b3c4 b5a6 h4g3 a6b5 g3d3 b5a6 b2b3 a6b5 d3g3 b5a6 g3e3 a6b5 f1g1 b5a6 e5d6 a6b5 g2g4 b5a6 h2f3 a6b5 c1b2 b5a6 d5b4 a5b4
Finished game 16 (OneshotReAct vs ChainOfThought): 1-0 {Black loses on time}
Started game 24 of 80 (OneshotReAct vs ChainOfThought)
Warning; Bestmove does not match beginning of last PV - move b8a6 from OneshotReAct
Info; info depth 2 nodes 322 time 80 nps 4025 score cp 1522 pv f5e4 c3d1
Position; fen rnbq1rk1/1p3pbp/2pppnp1/p7/P2PP3/1BN2N1P/1PP2PP1/R1BQK2R w KQ - 0 9
Moves; e1g1 d8e8 c1f4 e8e7 a1b1 g7h8 b1a1 a8a6 a1b1 f8d8 b1c1 e7e8 c1b1 f6d5 b1c1 d5f4 c1b1 f7f5 b1c1 h8d4 c1b1 f4g2 b1c1 a6a7 c1b1 b7b6 b1c1 g8h8 c1b1 c8a6 b1c1 d4f2 f1f2 a6e2 c1b1 h7h6 b1c1 a7h7 c1b1 e2f3 b1c1 f3g4 c1b1 h7c7 b1c1 c6c5 c1b1 g2h4 b1c1 e8d7 c1b1 g4d1 b1c1
Warning; Bestmove does not match beginning of last PV - move c3c4 from OneshotReAct
Info; info depth 2 nodes 313 time 69 nps 4536 score cp -161 pv d4c5 f6g4
Position; fen rnbq1rk1/1p3pbp/2pppnp1/p7/P2PP3/1BN2N1P/1PP2PP1/R1BQK2R w KQ - 0 9
Moves; h1f1 d8b6 f3h2 b8d7 a1a3 b6a6 c3d5 a6b5 c2c3 b5a6 e4e5 a6b5 d1h5 b5a6 h5h4 a6b5 b3c4 b5a6 h4g3 a6b5 g3d3 b5a6 b2b3 a6b5 d3g3 b5a6 g3e3 a6b5 f1g1 b5a6 e5d6 a6b5 g2g4 b5a6 h2f3 a6b5 c1b2 b5a6 d5b4 a5b4 e3c1 b4a3 g1f1 a3a2 c4b5 a2a1q f3g1 a1b2 b5e2 b2c3 c1c3 a6b5 a4b5 c6c5
Warning; Bestmove does not match beginning of last PV - move d1b3 from OneshotReAct
Info; info depth 3 nodes 674 time 130 nps 5184 score cp -1620 pv f1g1 d2f3 e1f1
Position; fen rnbq1rk1/1p3pbp/2pppnp1/p7/P2PP3/1BN2N1P/1PP2PP1/R1BQK2R w KQ - 0 9
Moves; h1f1 d8b6 f3h2 b8d7 a1a3 b6a6 c3d5 a6b5 c2c3 b5a6 e4e5 a6b5 d1h5 b5a6 h5h4 a6b5 b3c4 b5a6 h4g3 a6b5 g3d3 b5a6 b2b3 a6b5 d3g3 b5a6 g3e3 a6b5 f1g1 b5a6 e5d6 a6b5 g2g4 b5a6 h2f3 a6b5 c1b2 b5a6 d5b4 a5b4 e3c1 b4a3 g1f1 a3a2 c4b5 a2a1q f3g1 a1b2 b5e2 b2c3 c1c3 a6b5 a4b5 c6c5 c3c4 c5d4 g1f3 d4d3 c4d3 a8a3 e2d1 a3a2 d3e4 f6e4 b3b4 g7c3 f3d2 e4d2
Warning; Bestmove does not match beginning of last PV - move g7g6 from OneshotReAct
Info; info depth 2 nodes 460 time 143 nps 3216 score cp -743 pv c3d2 b3d2
Position; fen rnb1kb1r/1pq2ppp/p2ppn2/8/2P1P3/1N1B4/PP3PPP/RNBQ1RK1 w kq - 0 9
Moves; b1c3 f6g4 d1g4 e8e7 g4g5 f7f6 g5h5 d6d5 a1b1 d5d4 b1a1 c7d8 c3b1 d8d5 c4d5 e6e5 c1d2 f6f5 b1c3 e7d8 a1b1 b8d7 b1c1 f8a3 c1d1 a3b4 d1e1 d8e7 e1d1 a8b8 d1e1 e7f8 e1d1 b4a3 d1e1 b8a8 e1d1 f8e7 d1e1 a3d6 e1d1 e7f6 d1e1 b7b6 e1d1 d4c3 d1e1
Warning; Bestmove does not match beginning of last PV - move f3g3 from OneshotReAct
Info; info depth 1 nodes 108 time 25 nps 4320 score cp -238 pv c4f7
Position; fen r2qk2r/pp1nbppp/2pp1n2/4p3/3PP3/2N1BQ1P/PPP1BPP1/R3K2R w KQkq - 2 9
Moves; e3f4 e5f4 e1f1 d8a5 f1e1 d6d5 a1d1 a5b6 h1f1 d5e4 e2c4 e4e3 f3e3 f4f3 e3f3 b6c7
Warning; Bestmove does not match beginning of last PV - move h3g2 from OneshotReAct
Info; info depth 2 nodes 346 time 120 nps 2883 score cp -2083 pv h1g1 d7c6
Position; fen rnb1kb1r/1pq2ppp/p2ppn2/8/2P1P3/1N1B4/PP3PPP/RNBQ1RK1 w kq - 0 9
Moves; d1h5 f8e7 h5h4 c7b6 a2a4 b6b3 c1g5 b3c4 h4h3 c4d5 h3g4 d5c6 b1a3 a6a5 a1c1 c6d7 g4h4 d6d5 h4h3 d5d4 c1c6 e6e5 d3e2 d4d3 e2d1 d3d2 g5h4 f6h5 h4f6 h5f6 b2b4 a5b4 g2g4 b4b3 g1h1 b3b2 d1b3 b2b1q f1c1 b1c2 a3b5 c2d3 f2f4 d2d1q c1d1 d3e4
Warning; Bestmove does not match beginning of last PV - move h3h4 from OneshotReAct
Info; info depth 3 nodes 667 time 94 nps 7095 score cp -2416 pv b5b6 f1f4 b4b5
Position; fen rnbq1rk1/1p3pbp/2pppnp1/p7/P2PP3/1BN2N1P/1PP2PP1/R1BQK2R w KQ - 0 9
Moves; h1f1 d8b6 f3h2 b8d7 a1a3 b6a6 c3d5 a6b5 c2c3 b5a6 e4e5 a6b5 d1h5 b5a6 h5h4 a6b5 b3c4 b5a6 h4g3 a6b5 g3d3 b5a6 b2b3 a6b5 d3g3 b5a6 g3e3 a6b5 f1g1 b5a6 e5d6 a6b5 g2g4 b5a6 h2f3 a6b5 c1b2 b5a6 d5b4 a5b4 e3c1 b4a3 g1f1 a3a2 c4b5 a2a1q f3g1 a1b2 b5e2 b2c3 c1c3 a6b5 a4b5 c6c5 c3c4 c5d4 g1f3 d4d3 c4d3 a8a3 e2d1 a3a2 d3e4 f6e4 b3b4 g7c3 f3d2 e4d2 d1b3 a2b2 f2f4 b2b1 e1f2 b1c1 f2g2 c1d1 g2g1 d1e1 g4g5 e1f1 g1h2 d2b3
Warning; Bestmove does not match beginning of last PV - move g1h1 from OneshotReAct
Info; info depth 3 nodes 776 time 106 nps 7320 score cp -2539 pv b5b6 c3b4 h4h5
Position; fen rnbq1rk1/1p3pbp/2pppnp1/p7/P2PP3/1BN2N1P/1PP2PP1/R1BQK2R w KQ - 0 9
Moves; h1f1 d8b6 f3h2 b8d7 a1a3 b6a6 c3d5 a6b5 c2c3 b5a6 e4e5 a6b5 d1h5 b5a6 h5h4 a6b5 b3c4 b5a6 h4g3 a6b5 g3d3 b5a6 b2b3 a6b5 d3g3 b5a6 g3e3 a6b5 f1g1 b5a6 e5d6 a6b5 g2g4 b5a6 h2f3 a6b5 c1b2 b5a6 d5b4 a5b4 e3c1 b4a3 g1f1 a3a2 c4b5 a2a1q f3g1 a1b2 b5e2 b2c3 c1c3 a6b5 a4b5 c6c5 c3c4 c5d4 g1f3 d4d3 c4d3 a8a3 e2d1 a3a2 d3e4 f6e4 b3b4 g7c3 f3d2 e4d2 d1b3 a2b2 f2f4 b2b1 e1f2 b1c1 f2g2 c1d1 g2g1 d1e1 g4g5 e1f1 g1h2 d2b3 h3h4 f1f2 h2g1 f2f4
Finished game 19 (ChainOfThought vs OneshotReAct): 0-1 {White loses on time}
Started game 25 of 80 (ChainOfThought vs OneshotReAct)
Warning; Bestmove does not match beginning of last PV - move f1e1 from OneshotReAct
Info; info depth 2 nodes 437 time 117 nps 3735 score cp 99999 pv d5c7 e8d8
Position; fen r2qk2r/pp1nbppp/2pp1n2/4p3/3PP3/2N1BQ1P/PPP1BPP1/R3K2R w KQkq - 2 9
Moves; e3f4 e5f4 e1f1 d8a5 f1e1 d6d5 a1d1 a5b6 h1f1 d5e4 e2c4 e4e3 f3e3 f4f3 e3f3 b6c7 f3g3 c6c5 d1c1 c5d4 c3d5 d4d3 g3e5 d3d2 e1d1 d2c1q d1e2 c1d2 e2d2 f6h5
Warning; Bestmove does not match beginning of last PV - move g2h1 from OneshotReAct
Info; info depth 3 nodes 613 time 77 nps 7961 score cp -2693 pv g2f3 g4g5 b5b6
Position; fen rnbq1rk1/1p3pbp/2pppnp1/p7/P2PP3/1BN2N1P/1PP2PP1/R1BQK2R w KQ - 0 9
Moves; h1f1 d8b6 f3h2 b8d7 a1a3 b6a6 c3d5 a6b5 c2c3 b5a6 e4e5 a6b5 d1h5 b5a6 h5h4 a6b5 b3c4 b5a6 h4g3 a6b5 g3d3 b5a6 b2b3 a6b5 d3g3 b5a6 g3e3 a6b5 f1g1 b5a6 e5d6 a6b5 g2g4 b5a6 h2f3 a6b5 c1b2 b5a6 d5b4 a5b4 e3c1 b4a3 g1f1 a3a2 c4b5 a2a1q f3g1 a1b2 b5e2 b2c3 c1c3 a6b5 a4b5 c6c5 c3c4 c5d4 g1f3 d4d3 c4d3 a8a3 e2d1 a3a2 d3e4 f6e4 b3b4 g7c3 f3d2 e4d2 d1b3 a2b2 f2f4 b2b1 e1f2 b1c1 f2g2 c1d1 g2g1 d1e1 g4g5 e1f1 g1h2 d2b3 h3h4 f1f2 h2g1 f2f4 g1h1 f4h4 h1g2 h4g4
Finished game 24 (OneshotReAct vs ChainOfThought): 1-0 {White mates}
Started game 26 of 80 (OneshotReAct vs ChainOfThought)
Warning; Bestmove does not match beginning of last PV - move h2h1 from OneshotReAct
Info; info depth 3 nodes 263 time 27 nps 9740 score cp -2846 pv h2h3 e5d6 b4b5
Position; fen rnbq1rk1/1p3pbp/2pppnp1/p7/P2PP3/1BN2N1P/1PP2PP1/R1BQK2R w KQ - 0 9
Moves; h1f1 d8b6 f3h2 b8d7 a1a3 b6a6 c3d5 a6b5 c2c3 b5a6 e4e5 a6b5 d1h5 b5a6 h5h4 a6b5 b3c4 b5a6 h4g3 a6b5 g3d3 b5a6 b2b3 a6b5 d3g3 b5a6 g3e3 a6b5 f1g1 b5a6 e5d6 a6b5 g2g4 b5a6 h2f3 a6b5 c1b2 b5a6 d5b4 a5b4 e3c1 b4a3 g1f1 a3a2 c4b5 a2a1q f3g1 a1b2 b5e2 b2c3 c1c3 a6b5 a4b5 c6c5 c3c4 c5d4 g1f3 d4d3 c4d3 a8a3 e2d1 a3a2 d3e4 f6e4 b3b4 g7c3 f3d2 e4d2 d1b3 a2b2 f2f4 b2b1 e1f2 b1c1 f2g2 c1d1 g2g1 d1e1 g4g5 e1f1 g1h2 d2b3 h3h4 f1f2 h2g1 f2f4 g1h1 f4h4 h1g2 h4g4 g2h1 g4g5 b5b6 c3d4 h1h2 d4e5
Warning; Bestmove does not match beginning of last PV - move h1g2 from OneshotReAct
Info; info depth 3 nodes 401 time 58 nps 6913 score cp -3016 pv h1g1 d7b6 g1g2
Position; fen rnbq1rk1/1p3pbp/2pppnp1/p7/P2PP3/1BN2N1P/1PP2PP1/R1BQK2R w KQ - 0 9
Moves; h1f1 d8b6 f3h2 b8d7 a1a3 b6a6 c3d5 a6b5 c2c3 b5a6 e4e5 a6b5 d1h5 b5a6 h5h4 a6b5 b3c4 b5a6 h4g3 a6b5 g3d3 b5a6 b2b3 a6b5 d3g3 b5a6 g3e3 a6b5 f1g1 b5a6 e5d6 a6b5 g2g4 b5a6 h2f3 a6b5 c1b2 b5a6 d5b4 a5b4 e3c1 b4a3 g1f1 a3a2 c4b5 a2a1q f3g1 a1b2 b5e2 b2c3 c1c3 a6b5 a4b5 c6c5 c3c4 c5d4 g1f3 d4d3 c4d3 a8a3 e2d1 a3a2 d3e4 f6e4 b3b4 g7c3 f3d2 e4d2 d1b3 a2b2 f2f4 b2b1 e1f2 b1c1 f2g2 c1d1 g2g1 d1e1 g4g5 e1f1 g1h2 d2b3 h3h4 f1f2 h2g1 f2f4 g1h1 f4h4 h1g2 h4g4 g2h1 g4g5 b5b6 c3d4 h1h2 d4e5 h2h1 e5d6 b4b5 g5b5
Warning; Bestmove does not match beginning of last PV - move g2f1 from OneshotReAct
Info; info depth 3 nodes 521 time 70 nps 7442 score cp -3037 pv g2g1 b3d4 g1g2
Position; fen rnbq1rk1/1p3pbp/2pppnp1/p7/P2PP3/1BN2N1P/1PP2PP1/R1BQK2R w KQ - 0 9
Moves; h1f1 d8b6 f3h2 b8d7 a1a3 b6a6 c3d5 a6b5 c2c3 b5a6 e4e5 a6b5 d1h5 b5a6 h5h4 a6b5 b3c4 b5a6 h4g3 a6b5 g3d3 b5a6 b2b3 a6b5 d3g3 b5a6 g3e3 a6b5 f1g1 b5a6 e5d6 a6b5 g2g4 b5a6 h2f3 a6b5 c1b2 b5a6 d5b4 a5b4 e3c1 b4a3 g1f1 a3a2 c4b5 a2a1q f3g1 a1b2 b5e2 b2c3 c1c3 a6b5 a4b5 c6c5 c3c4 c5d4 g1f3 d4d3 c4d3 a8a3 e2d1 a3a2 d3e4 f6e4 b3b4 g7c3 f3d2 e4d2 d1b3 a2b2 f2f4 b2b1 e1f2 b1c1 f2g2 c1d1 g2g1 d1e1 g4g5 e1f1 g1h2 d2b3 h3h4 f1f2 h2g1 f2f4 g1h1 f4h4 h1g2 h4g4 g2h1 g4g5 b5b6 c3d4 h1h2 d4e5 h2h1 e5d6 b4b5 g5b5 h1g2 b5b6
Warning; Bestmove does not match beginning of last PV - move e2e3 from OneshotReAct
Info; info depth 2 nodes 390 time 111 nps 3513 score cp -391 pv d1d6 e7d6
Position; fen r2qkb1r/pp2pp1p/2np1p2/5b2/4P3/2N5/PPP2PPP/R2QKB1R w KQkq - 0 9
Moves; c3a4 d8a5 e1e2 f5e4
Finished game 20 (OneshotReAct vs ChainOfThought): 1-0 {Black loses on time}
--------------------------------------------------
Results of ChainOfThought vs OneshotReAct (10+0.1, NULL, NULL - 16MB, 8mvs_+90_+99.epd):
Elo: -168.40 +/- 174.72, nElo: -194.67 +/- 152.27
LOS: 0.61 %, DrawRatio: 40.00 %, PairsRatio: 0.20
Games: 20, Wins: 5, Losses: 14, Draws: 1, Points: 5.5 (27.50 %)
Ptnml(0-2): [5, 0, 4, 1, 0], WL/DD Ratio: inf
--------------------------------------------------
Started game 27 of 80 (ChainOfThought vs OneshotReAct)
Warning; Bestmove does not match beginning of last PV - move h7h6 from OneshotReAct
Info; info depth 2 nodes 218 time 46 nps 4739 score cp -1182 pv f8g7 d5b7
Position; fen r2qkb1r/pp2pp1p/2np1p2/5b2/4P3/2N5/PPP2PPP/R2QKB1R w KQkq - 0 9
Moves; e4f5 d8d7 d1d5 d7e6 f5e6 c6b8 e6f7 e8d8 f1c4
Warning; Bestmove does not match beginning of last PV - move d7b8 from OneshotReAct
Info; info depth 3 nodes 1028 time 240 nps 4283 score cp -2234 pv d8c7 c3d5
Position; fen r2qkb1r/pp2pp1p/2np1p2/5b2/4P3/2N5/PPP2PPP/R2QKB1R w KQkq - 0 9
Moves; e4f5 d8d7 d1d5 d7e6 f5e6 c6b8 e6f7 e8d8 f1c4 h7h6 d5b7 b8d7 b7a8
Warning; Bestmove does not match beginning of last PV - move f3g3 from OneshotReAct
Info; info depth 3 nodes 561 time 146 nps 3842 score cp -1115 pv e4e5 f6e5 a4c3
Position; fen r2qkb1r/pp2pp1p/2np1p2/5b2/4P3/2N5/PPP2PPP/R2QKB1R w KQkq - 0 9
Moves; c3a4 d8a5 e1e2 f5e4 e2e3 e4f5 d1d4 a5b6 g2g4 f5g6 f1h3 b6c7 d4e4 f8h6 e3f3 c6e5
Warning; Bestmove does not match beginning of last PV - move h6h5 from OneshotReAct
Info; info depth 3 nodes 759 time 168 nps 4517 score cp -2285 pv e7e5 b8a7 d7d8
Position; fen r2qkb1r/pp2pp1p/2np1p2/5b2/4P3/2N5/PPP2PPP/R2QKB1R w KQkq - 0 9
Moves; e4f5 d8d7 d1d5 d7e6 f5e6 c6b8 e6f7 e8d8 f1c4 h7h6 d5b7 b8d7 b7a8 d7b8 a8b8 d8d7 b8b7 d7d8 b7b8 d8d7 e1g1
Finished game 21 (ChainOfThought vs OneshotReAct): 1/2-1/2 {Draw by 3-fold repetition}
Started game 28 of 80 (OneshotReAct vs ChainOfThought)
Warning; Bestmove does not match beginning of last PV - move e6e5 from OneshotReAct
Info; info depth 3 nodes 762 time 200 nps 3810 score cp -2378 pv e6d7 b8a7 d7c8
Position; fen r2qkb1r/pp2pp1p/2np1p2/5b2/4P3/2N5/PPP2PPP/R2QKB1R w KQkq - 0 9
Moves; e4f5 d8d7 d1d5 d7e6 f5e6 c6b8 e6f7 e8d8 f1c4 h7h6 d5b7 b8d7 b7a8 d7b8 a8b8 d8d7 b8b7 d7d8 b7b8 d8d7 e1g1 h6h5 c4b5 d7e6 b5c4
Warning; Bestmove does not match beginning of last PV - move h8g8 from OneshotReAct
Info; info depth 3 nodes 726 time 183 nps 3967 score cp -2417 pv f8g7 a7e7 e5f5
Position; fen r2qkb1r/pp2pp1p/2np1p2/5b2/4P3/2N5/PPP2PPP/R2QKB1R w KQkq - 0 9
Moves; e4f5 d8d7 d1d5 d7e6 f5e6 c6b8 e6f7 e8d8 f1c4 h7h6 d5b7 b8d7 b7a8 d7b8 a8b8 d8d7 b8b7 d7d8 b7b8 d8d7 e1g1 h6h5 c4b5 d7e6 b5c4 e6e5 b8a7
Finished game 22 (OneshotReAct vs ChainOfThought): 1-0 {Black loses on time}
Started game 29 of 80 (ChainOfThought vs OneshotReAct)
Warning; Bestmove does not match beginning of last PV - move f5g4 from OneshotReAct
Info; info depth 3 nodes 1079 time 231 nps 4670 score cp -3693 pv f5g5 f7g8q g5h6
Position; fen r2qkb1r/pp2pp1p/2np1p2/5b2/4P3/2N5/PPP2PPP/R2QKB1R w KQkq - 0 9
Moves; e4f5 d8d7 d1d5 d7e6 f5e6 c6b8 e6f7 e8d8 f1c4 h7h6 d5b7 b8d7 b7a8 d7b8 a8b8 d8d7 b8b7 d7d8 b7b8 d8d7 e1g1 h6h5 c4b5 d7e6 b5c4 e6e5 b8a7 h8g8 a1e1 e5f5 c4d3
Warning; Bestmove does not match beginning of last PV - move d2e2 from OneshotReAct
Info; info depth 2 nodes 443 time 105 nps 4219 score cp 583 pv c2d3 e8d8
Position; fen r2qkb1r/1p1bnppp/p1npp3/8/3NP3/2N1B3/PPPQ1PPP/2KR1B1R w kq - 4 9
Moves; d4f3 e7g6 c3d5 e6d5 e3g5 d5d4 g5d8 d4d3
Warning; Bestmove does not match beginning of last PV - move h5h4 from OneshotReAct
Info; info depth 3 nodes 872 time 231 nps 3774 score cp -2416 pv g5h6 f7g8q f8g7
Position; fen r2qkb1r/pp2pp1p/2np1p2/5b2/4P3/2N5/PPP2PPP/R2QKB1R w KQkq - 0 9
Moves; e4f5 d8d7 d1d5 d7e6 f5e6 c6b8 e6f7 e8d8 f1c4 h7h6 d5b7 b8d7 b7a8 d7b8 a8b8 d8d7 b8b7 d7d8 b7b8 d8d7 e1g1 h6h5 c4b5 d7e6 b5c4 e6e5 b8a7 h8g8 a1e1 e5f5 c4d3 f5g4 a7a4 g4g5 e1d1
Finished game 23 (ChainOfThought vs OneshotReAct): 0-1 {White loses on time}
Started game 30 of 80 (OneshotReAct vs ChainOfThought)
Warning; Bestmove does not match beginning of last PV - move f8g7 from OneshotReAct
Info; info depth 3 nodes 764 time 167 nps 4574 score cp -3980 pv g5h6 a4h4
Position; fen r2qkb1r/pp2pp1p/2np1p2/5b2/4P3/2N5/PPP2PPP/R2QKB1R w KQkq - 0 9
Moves; e4f5 d8d7 d1d5 d7e6 f5e6 c6b8 e6f7 e8d8 f1c4 h7h6 d5b7 b8d7 b7a8 d7b8 a8b8 d8d7 b8b7 d7d8 b7b8 d8d7 e1g1 h6h5 c4b5 d7e6 b5c4 e6e5 b8a7 h8g8 a1e1 e5f5 c4d3 f5g4 a7a4 g4g5 e1d1 h5h4 f7g8q
Finished game 25 (ChainOfThought vs OneshotReAct): 1-0 {White mates}
Started game 31 of 80 (ChainOfThought vs OneshotReAct)
Finished game 26 (OneshotReAct vs ChainOfThought): 0-1 {Black mates}
Started game 32 of 80 (OneshotReAct vs ChainOfThought)
Warning; Bestmove does not match beginning of last PV - move b1c1 from OneshotReAct
Info; info depth 3 nodes 1362 time 224 nps 6080 score cp -809 pv f1b5 e8g8 b5c6
Position; fen r2qkb1r/1p1bnppp/p1npp3/8/3NP3/2N1B3/PPPQ1PPP/2KR1B1R w kq - 4 9
Moves; d4f3 e7g6 c3d5 e6d5 e3g5 d5d4 g5d8 d4d3 d2e2 d3d2 d1d2 a8d8 c1b1 d7g4 e2b5 g4h5 f3g1 a6b5 d2d6 f8d6
Finished game 28 (OneshotReAct vs ChainOfThought): 0-1 {Black mates}
Started game 33 of 80 (ChainOfThought vs OneshotReAct)
Warning; Bestmove does not match beginning of last PV - move g7g5 from OneshotReAct
Info; info depth 2 nodes 400 time 107 nps 3738 score cp 483 pv c3b2 c1b2
Position; fen r1bq1rk1/pppnb1pp/3p4/4pp2/2PP2n1/2N1PN2/PPQ1BPPP/R1B2RK1 w - - 9 9
Moves; a1b1 g4h6 f1d1 e5d4 b1a1 h6g4 a1b1 h7h5 b1a1 c7c6 a1b1 a7a6 b1a1 a8b8 a1b1 d7c5 b1a1 d4c3 a1b1
Warning; Bestmove does not match beginning of last PV - move a2c1 from OneshotReAct
Info; info depth 3 nodes 1354 time 266 nps 5090 score cp -1716 pv b2a3 f6g4 a2c3
Position; fen rn1qk2r/pp3pp1/2pbpnp1/3p4/2PP2P1/2N1P3/PP3P1P/R1BQKB1R w KQkq - 0 9
Moves; d1e2 d5c4 a2a3 c6c5 a3a4 c5d4 a1a3 d4d3 c1d2 d3e2 c3a2 e2f1q h1f1 d6a3
Warning; Bestmove does not match beginning of last PV - move e1e2 from OneshotReAct
Info; info depth 3 nodes 1328 time 234 nps 5675 score cp -1713 pv c3g7 h8h2 c1e2
Position; fen rn1qk2r/pp3pp1/2pbpnp1/3p4/2PP2P1/2N1P3/PP3P1P/R1BQKB1R w KQkq - 0 9
Moves; d1e2 d5c4 a2a3 c6c5 a3a4 c5d4 a1a3 d4d3 c1d2 d3e2 c3a2 e2f1q h1f1 d6a3 a2c1 a3b2 g4g5 b2c3 d2c3 f6d5
Warning; Bestmove does not match beginning of last PV - move c1b3 from OneshotReAct
Info; info depth 3 nodes 1138 time 234 nps 4863 score cp -2273 pv c1e2 g5h5 f3g2
Position; fen rn1qk2r/pp3pp1/2pbpnp1/3p4/2PP2P1/2N1P3/PP3P1P/R1BQKB1R w KQkq - 0 9
Moves; d1e2 d5c4 a2a3 c6c5 a3a4 c5d4 a1a3 d4d3 c1d2 d3e2 c3a2 e2f1q h1f1 d6a3 a2c1 a3b2 g4g5 b2c3 d2c3 f6d5 e1e2 d5c3 e2f3 d8g5
Finished game 32 (OneshotReAct vs ChainOfThought): 0-1 {Black mates}
Started game 34 of 80 (OneshotReAct vs ChainOfThought)
Finished game 27 (ChainOfThought vs OneshotReAct): 1/2-1/2 {Draw by 3-fold repetition}
Started game 35 of 80 (ChainOfThought vs OneshotReAct)
Finished game 33 (ChainOfThought vs OneshotReAct): 1/2-1/2 {Draw by 3-fold repetition}
Started game 36 of 80 (OneshotReAct vs ChainOfThought)
Finished game 30 (OneshotReAct vs ChainOfThought): 1-0 {Black loses on time}
Started game 37 of 80 (ChainOfThought vs OneshotReAct)
Finished game 29 (ChainOfThought vs OneshotReAct): 0-1 {White loses on time}
Started game 38 of 80 (OneshotReAct vs ChainOfThought)
Finished game 31 (ChainOfThought vs OneshotReAct): 0-1 {White loses on time}
Started game 39 of 80 (ChainOfThought vs OneshotReAct)
Warning; Bestmove does not match beginning of last PV - move d4d5 from OneshotReAct
Info; info depth 3 nodes 1170 time 239 nps 4895 score cp -1473 pv b1c3 g2h1q e3e4
Position; fen rnbqk2r/pp2p1bp/2p3p1/5pB1/3Pp2P/2N1PQ2/PPP2PP1/R3K1NR w KQkq - 0 9
Moves; c3b1 e4f3 g5f6 g7f6 c2c4 f3g2
Warning; Bestmove does not match beginning of last PV - move e1e2 from OneshotReAct
Info; info depth 2 nodes 861 time 265 nps 3249 score cp -2701 pv d5c6 h1g1
Position; fen rnbqk2r/pp2p1bp/2p3p1/5pB1/3Pp2P/2N1PQ2/PPP2PP1/R3K1NR w KQkq - 0 9
Moves; c3b1 e4f3 g5f6 g7f6 c2c4 f3g2 d4d5 d8a5 b1d2 g2h1q
Warning; Bestmove does not match beginning of last PV - move e7g5 from OneshotReAct
Info; info depth 2 nodes 498 time 163 nps 3055 score cp -1763 pv f2f5 g6f5
Position; fen rn1qkb1r/pp3ppp/2p1pn2/7b/2PP4/5N1P/PP2BPP1/RNBQ1RK1 w kq - 1 9
Moves; d1a4 h5f3 c1d2 f3g4 e2d1 g4h5 a4b4 h5g6 b4a4 d8d4 d2f4 d4e5 h3h4 e5d6 h4h5 d6e7 a4a3 c6c5 a3e3 e6e5 e3d3 e5e4 d1g4 e4e3 a2a4 e3e2 f4d6 e2e1q a4a5 e1f2 g1h1 f2g3 d3d2 g3h4 d6h2 h4g5 f1e1 g5h6 a1a3 f6h5 e1d1 h5f6 g4e6 f6h5 d1c1 h5f6 a3g3 f6h5 g3g5 h5f6 c1f1 f6h5 g5g4 h5f6 f1e1 f6h5 d2d4 c5d4 e6d7 b8d7 g4f4 d4d3 b2b3 d3d2 b1a3 d2d1q a3b1 d1e2 f4f2 e2f3 h2d6 f3g4 d6e7 g4f5
Warning; Bestmove does not match beginning of last PV - move d7f5 from OneshotReAct
Info; info depth 2 nodes 287 time 75 nps 3826 score cp -9 pv e5d4 f3d4
Position; fen rn3rk1/ppq1bppp/2pp1n2/4p3/2PP2b1/2N2NP1/PPQ1PPBP/R1B2RK1 w - - 8 9
Moves; a1b1 a7a6 b1a1 c7d8 a1b1 g4c8 b1a1 g8h8 a1b1 d8d7 b1a1 a8a7 a1b1
Finished game 34 (OneshotReAct vs ChainOfThought): 1-0 {Black loses on time}
Started game 40 of 80 (OneshotReAct vs ChainOfThought)
Warning; Bestmove does not match beginning of last PV - move d2c3 from OneshotReAct
Info; info depth 2 nodes 245 time 58 nps 4224 score cp -765 pv g1g2 b5c4
Position; fen rn3rk1/ppq1bppp/2pp1n2/4p3/2PP2b1/2N2NP1/PPQ1PPBP/R1B2RK1 w - - 8 9
Moves; c2d2 g4h5 e2e3 e5e4 c3b5 c6b5 a1b1 h5f3 b2b4 f3g2
Finished game 35 (ChainOfThought vs OneshotReAct): 0-1 {White loses on time}
Started game 41 of 80 (ChainOfThought vs OneshotReAct)
Finished game 37 (ChainOfThought vs OneshotReAct): 1/2-1/2 {Draw by 3-fold repetition}
Started game 42 of 80 (OneshotReAct vs ChainOfThought)
Warning; Bestmove does not match beginning of last PV - move e3d4 from OneshotReAct
Info; info depth 2 nodes 279 time 75 nps 3720 score cp -2867 pv c5d6 b4a3
Position; fen rnbqk2r/3p1ppp/p3p3/1pb5/2P1PBn1/2N2N2/PPQ2PPP/R3KB1R w KQkq - 1 9
Moves; f3d2 g4e5 c2a4 b5b4 d2f3 b4b3 a4b3 e5f3 e1d1 f3h4 f4g5 h4f5 f1e2 c5d6 a2a4 f5h6 e2g4 a6a5 f2f3 d6e7 g5e3 e6e5 f3f4 e5f4 g4h5 f4f3 a1a3 f3f2 b3b4 f2f1q d1c2 f1g2 c3e2 g2h3 c4c5 h3g4 a3c3 g4h5 b4d4 h5g6 d4d2 g6h5 d2d7 b8d7 e2g3 h5g6 h2h4 g6h5 h1h2 h5g6 e3c1 g6h5 c2d2 h5g6 g3f5 g6h5 d2e3 h5g6 c3a3 g6h5 b2b4 a5b4 f5d6 e7d6
Warning; Bestmove does not match beginning of last PV - move c1c2 from OneshotReAct
Info; info depth 1 nodes 119 time 28 nps 4250 score cp 228 pv d4e5
Position; fen r1b2rk1/ppp1qppp/2n1pn2/3p4/2PP4/P4NP1/1P1NPPBP/R2QK2R w KQ - 1 9
Moves; f3g5 d5c4 d2b3 c4c3 d1d2 c3c2 d2f4 c2c1q a1c1 c6e5
Finished game 36 (OneshotReAct vs ChainOfThought): 1-0 {Black loses on time}
Started game 43 of 80 (ChainOfThought vs OneshotReAct)
Finished game 38 (OneshotReAct vs ChainOfThought): 1-0 {Black loses on time}
Started game 44 of 80 (OneshotReAct vs ChainOfThought)
Finished game 39 (ChainOfThought vs OneshotReAct): 0-1 {White loses on time}
Started game 45 of 80 (ChainOfThought vs OneshotReAct)
Finished game 40 (OneshotReAct vs ChainOfThought): 1-0 {Black loses on time}
--------------------------------------------------
Results of ChainOfThought vs OneshotReAct (10+0.1, NULL, NULL - 16MB, 8mvs_+90_+99.epd):
Elo: -157.66 +/- 122.25, nElo: -168.96 +/- 107.67
LOS: 0.11 %, DrawRatio: 25.00 %, PairsRatio: 0.25
Games: 40, Wins: 9, Losses: 26, Draws: 5, Points: 11.5 (28.75 %)
Ptnml(0-2): [9, 3, 5, 2, 1], WL/DD Ratio: inf
--------------------------------------------------
Started game 46 of 80 (OneshotReAct vs ChainOfThought)
Finished game 41 (ChainOfThought vs OneshotReAct): 0-1 {White loses on time}
Started game 47 of 80 (ChainOfThought vs OneshotReAct)
Warning; No output from ChainOfThought
Finished game 42 (OneshotReAct vs ChainOfThought): 1-0 {Black loses on time}
Started game 48 of 80 (OneshotReAct vs ChainOfThought)
Warning; Bestmove does not match beginning of last PV - move c6d5 from OneshotReAct
Info; info depth 2 nodes 318 time 126 nps 2523 score cp 543 pv f5e4 c3e4
Position; fen r1bqk2r/pp1nppbp/2p3p1/8/3PP1n1/2N1BN2/PPPQ2PP/R3KB1R w KQkq - 5 9
Moves; a1b1 a7a6 b1c1 g7f8 h2h3 e7e6 c1d1 b7b6 d1c1 g4h2 c1d1 f8c5 d1c1 c5e7 c1d1 d8c7 d1c1 d7f8 c1d1 c7d6 d1c1 c8b7 c1d1 e8c8 d1c1 d6c7 c1d1 d8d5 d1c1 d5d7 c1d1 h2f3 g2f3 e7h4 e3f2 f7f6 d1c1 c6c5 c1d1 c5c4 d1c1 d7f7 c1d1 h4g5 d1c1 c7d6 c1d1 b7d5 d1c1 g5f4 c1d1 f4g5 d1c1 h7h5 c1d1 d5c6 d1c1 c6a8 c1d1 d6c6 d1c1 f6f5 c1d1 h8g8 d1c1 g8h8 c1d1 f7f6 d1c1 c8b7 c1d1 a6a5 d1c1 g5d2 e1d2
Finished game 43 (ChainOfThought vs OneshotReAct): 0-1 {White loses on time}
Started game 49 of 80 (ChainOfThought vs OneshotReAct)
Warning; No output from ChainOfThought
Finished game 44 (OneshotReAct vs ChainOfThought): 1-0 {Black loses on time}
Started game 50 of 80 (OneshotReAct vs ChainOfThought)
Warning; No output from ChainOfThought
Finished game 45 (ChainOfThought vs OneshotReAct): 0-1 {White loses on time}
Started game 51 of 80 (ChainOfThought vs OneshotReAct)
Finished game 47 (ChainOfThought vs OneshotReAct): 1/2-1/2 {Draw by 3-fold repetition}
Started game 52 of 80 (OneshotReAct vs ChainOfThought)
Warning; Bestmove does not match beginning of last PV - move d8e8 from OneshotReAct
Info; info depth 2 nodes 328 time 169 nps 1940 score cp 1124 pv e2d1 f1d1
Position; fen rn1q1rk1/pppnppbp/3p2p1/8/2PPPP2/2N2b2/PP2B1PP/R1BQ1RK1 w - - 0 9
Moves; a1b1 b8a6 b1a1 d8c8 a1b1 f8d8 b1a1 f3g4 a1b1 d7b8 b1a1 g4h5 a1b1 c7c6 b1a1 h5e2 a1b1
Finished game 46 (OneshotReAct vs ChainOfThought): 1-0 {Black loses on time}
Started game 53 of 80 (ChainOfThought vs OneshotReAct)
Warning; No output from ChainOfThought
Finished game 48 (OneshotReAct vs ChainOfThought): 1-0 {Black loses on time}
Started game 54 of 80 (OneshotReAct vs ChainOfThought)
Warning; Bestmove does not match beginning of last PV - move g2h2 from OneshotReAct
Info; info depth 2 nodes 124 time 52 nps 2384 score cp -1865 pv a2f7 g8f7
Position; fen rn1q1rk1/pppnppbp/3p2p1/8/2PPPP2/2N2b2/PP2B1PP/R1BQ1RK1 w - - 0 9
Moves; f1f3 f7f5 e2d3 f5e4 g2g4 e4e3 c3e2 d6d5 c1d2 e3d2 a1c1 d2c1q h2h4 c1d2 d3b1 d2e3 g1f1 e3f4 e2g1 f4g5 a2a4 d5c4 f3f5 c4c3 h4g5 c3c2 g1e2 c2c1q b1a2 c1c4 f1g1 c4d5 f5f8 d7f8 e2c1 d5e6 g1g2 e6f7 a4a5 a7a6 d1b3 b7b6 c1d3 b6b5 b3b5 a6b5
Warning; Bestmove does not match beginning of last PV - move d3c1 from OneshotReAct
Info; info depth 2 nodes 155 time 65 nps 2384 score cp -1922 pv d3b4 a8a5
Position; fen rn1q1rk1/pppnppbp/3p2p1/8/2PPPP2/2N2b2/PP2B1PP/R1BQ1RK1 w - - 0 9
Moves; f1f3 f7f5 e2d3 f5e4 g2g4 e4e3 c3e2 d6d5 c1d2 e3d2 a1c1 d2c1q h2h4 c1d2 d3b1 d2e3 g1f1 e3f4 e2g1 f4g5 a2a4 d5c4 f3f5 c4c3 h4g5 c3c2 g1e2 c2c1q b1a2 c1c4 f1g1 c4d5 f5f8 d7f8 e2c1 d5e6 g1g2 e6f7 a4a5 a7a6 d1b3 b7b6 c1d3 b6b5 b3b5 a6b5 g2h2 b5b4 a2f7 g8f7
Finished game 51 (ChainOfThought vs OneshotReAct): 1/2-1/2 {Draw by 3-fold repetition}
Started game 55 of 80 (ChainOfThought vs OneshotReAct)
Warning; No output from ChainOfThought
Finished game 49 (ChainOfThought vs OneshotReAct): 0-1 {White loses on time}
Started game 56 of 80 (OneshotReAct vs ChainOfThought)
Finished game 50 (OneshotReAct vs ChainOfThought): 1-0 {Black loses on time}
Started game 57 of 80 (ChainOfThought vs OneshotReAct)
Warning; No output from ChainOfThought
Finished game 52 (OneshotReAct vs ChainOfThought): 1-0 {Black loses on time}
Started game 58 of 80 (OneshotReAct vs ChainOfThought)
Warning; No output from ChainOfThought
Finished game 53 (ChainOfThought vs OneshotReAct): 0-1 {White loses on time}
Started game 59 of 80 (ChainOfThought vs OneshotReAct)
Finished game 54 (OneshotReAct vs ChainOfThought): 1/2-1/2 {Draw by 3-fold repetition}
Started game 60 of 80 (OneshotReAct vs ChainOfThought)
Finished game 55 (ChainOfThought vs OneshotReAct): 1/2-1/2 {Draw by 3-fold repetition}
Started game 61 of 80 (ChainOfThought vs OneshotReAct)
Finished game 56 (OneshotReAct vs ChainOfThought): 1-0 {White mates}
Started game 62 of 80 (OneshotReAct vs ChainOfThought)
Finished game 57 (ChainOfThought vs OneshotReAct): 1/2-1/2 {Draw by 3-fold repetition}
Started game 63 of 80 (ChainOfThought vs OneshotReAct)
Finished game 58 (OneshotReAct vs ChainOfThought): 1-0 {Black loses on time}
Started game 64 of 80 (OneshotReAct vs ChainOfThought)
Warning; No output from ChainOfThought
Finished game 59 (ChainOfThought vs OneshotReAct): 0-1 {White loses on time}
Started game 65 of 80 (ChainOfThought vs OneshotReAct)
Finished game 61 (ChainOfThought vs OneshotReAct): 1/2-1/2 {Draw by 3-fold repetition}
Started game 66 of 80 (OneshotReAct vs ChainOfThought)
Finished game 60 (OneshotReAct vs ChainOfThought): 1-0 {Black loses on time}
--------------------------------------------------
Results of ChainOfThought vs OneshotReAct (10+0.1, NULL, NULL - 16MB, 8mvs_+90_+99.epd):
Elo: -206.65 +/- 99.89, nElo: -239.66 +/- 87.91
LOS: 0.00 %, DrawRatio: 16.67 %, PairsRatio: 0.14
Games: 60, Wins: 9, Losses: 41, Draws: 10, Points: 14.0 (23.33 %)
Ptnml(0-2): [14, 8, 5, 2, 1], WL/DD Ratio: inf
--------------------------------------------------
Started game 67 of 80 (ChainOfThought vs OneshotReAct)
Warning; No output from ChainOfThought
Finished game 62 (OneshotReAct vs ChainOfThought): 1-0 {Black loses on time}
Started game 68 of 80 (OneshotReAct vs ChainOfThought)
Warning; No output from ChainOfThought
Finished game 63 (ChainOfThought vs OneshotReAct): 0-1 {White loses on time}
Started game 69 of 80 (ChainOfThought vs OneshotReAct)
Warning; Bestmove does not match beginning of last PV - move d3c5 from OneshotReAct
Info; info depth 2 nodes 256 time 141 nps 1815 score cp -1323 pv d3f4 f5h4
Position; fen r2qkb1r/1p1npppp/p2p1n2/3P4/5P2/2N5/PP3PPP/R1BQKB1R w KQkq - 1 9
Moves; d1b3 d7c5 h2h4 c5b3 f1b5 f6d7 c3d1 d8a5 d1c3 b3d4 e1d2 d4f5 d2e1 a5b6 b5a4 f5h6 c1e3 a6a5 c3e2 b6c7 g2g4 h6f5 e2c1 f5h6 b2b3 h6f5 e3d4 f5h6 h1h2 h6f5 c1d3 f5h6 d3c1 h6f5 f2f3 f5h6 h2b2 h6f5 b2g2 f5h6 d4e3 h6f5 g2g3 f5h6 e1f2 h6f5 a4d7 c7d7 e3a7 a5a4 a1b1 a4a3 g3g2 f5h6 f4f5 h6f5 g4g5 a8a7 c1d3 d7c7
Warning; Bestmove does not match beginning of last PV - move c2c1 from OneshotReAct
Info; info depth 2 nodes 246 time 139 nps 1769 score cp -1685 pv c2d3 f5h4
Position; fen r2qkb1r/1p1npppp/p2p1n2/3P4/5P2/2N5/PP3PPP/R1BQKB1R w KQkq - 1 9
Moves; d1b3 d7c5 h2h4 c5b3 f1b5 f6d7 c3d1 d8a5 d1c3 b3d4 e1d2 d4f5 d2e1 a5b6 b5a4 f5h6 c1e3 a6a5 c3e2 b6c7 g2g4 h6f5 e2c1 f5h6 b2b3 h6f5 e3d4 f5h6 h1h2 h6f5 c1d3 f5h6 d3c1 h6f5 f2f3 f5h6 h2b2 h6f5 b2g2 f5h6 d4e3 h6f5 g2g3 f5h6 e1f2 h6f5 a4d7 c7d7 e3a7 a5a4 a1b1 a4a3 g3g2 f5h6 f4f5 h6f5 g4g5 a8a7 c1d3 d7c7 d3c5 c7c5 f2e2 c5b6 e2d2 b6d4 d2c2 d4e5
Warning; No output from ChainOfThought
Finished game 64 (OneshotReAct vs ChainOfThought): 1-0 {Black loses on time}
Started game 70 of 80 (OneshotReAct vs ChainOfThought)
Finished game 65 (ChainOfThought vs OneshotReAct): 1/2-1/2 {Draw by 3-fold repetition}
Started game 71 of 80 (ChainOfThought vs OneshotReAct)
Warning; No output from ChainOfThought
Finished game 66 (OneshotReAct vs ChainOfThought): 1-0 {Black loses on time}
Started game 72 of 80 (OneshotReAct vs ChainOfThought)
Warning; No output from ChainOfThought
Finished game 67 (ChainOfThought vs OneshotReAct): 0-1 {White loses on time}
Started game 73 of 80 (ChainOfThought vs OneshotReAct)
Warning; No output from ChainOfThought
Finished game 68 (OneshotReAct vs ChainOfThought): 1-0 {Black loses on time}
Started game 74 of 80 (OneshotReAct vs ChainOfThought)
Finished game 69 (ChainOfThought vs OneshotReAct): 0-1 {White loses on time}
Started game 75 of 80 (ChainOfThought vs OneshotReAct)
Finished game 71 (ChainOfThought vs OneshotReAct): 0-1 {Black mates}
Started game 76 of 80 (OneshotReAct vs ChainOfThought)
Warning; No output from ChainOfThought
Finished game 73 (ChainOfThought vs OneshotReAct): 1/2-1/2 {Draw by 3-fold repetition}
Started game 77 of 80 (ChainOfThought vs OneshotReAct)
Finished game 72 (OneshotReAct vs ChainOfThought): 1-0 {Black loses on time}
Started game 78 of 80 (OneshotReAct vs ChainOfThought)
Finished game 70 (OneshotReAct vs ChainOfThought): 1-0 {Black loses on time}
Started game 79 of 80 (ChainOfThought vs OneshotReAct)
Finished game 74 (OneshotReAct vs ChainOfThought): 1-0 {Black loses on time}
Started game 80 of 80 (OneshotReAct vs ChainOfThought)
Warning; No output from ChainOfThought
Finished game 75 (ChainOfThought vs OneshotReAct): 0-1 {White loses on time}
Warning; No output from ChainOfThought
Finished game 76 (OneshotReAct vs ChainOfThought): 1-0 {Black loses on time}
Finished game 77 (ChainOfThought vs OneshotReAct): 0-1 {White loses on time}
Warning; No output from ChainOfThought
Finished game 78 (OneshotReAct vs ChainOfThought): 1-0 {Black loses on time}
Warning; No output from ChainOfThought
Finished game 79 (ChainOfThought vs OneshotReAct): 0-1 {White loses on time}
Warning; No output from ChainOfThought
Finished game 80 (OneshotReAct vs ChainOfThought): 1-0 {Black loses on time}
--------------------------------------------------
Results of ChainOfThought vs OneshotReAct (10+0.1, NULL, NULL - 16MB, 8mvs_+90_+99.epd):
Elo: -247.69 +/- 91.52, nElo: -297.35 +/- 76.13
LOS: 0.00 %, DrawRatio: 12.50 %, PairsRatio: 0.09
Games: 80, Wins: 9, Losses: 58, Draws: 13, Points: 15.5 (19.38 %)
Ptnml(0-2): [21, 11, 5, 2, 1], WL/DD Ratio: inf
--------------------------------------------------

Player: ChainOfThought
  Timeouts: 54
  Crashed: 0

Finished match
Total Time: 00:05:19 (hours:minutes:seconds)

