Indexing opening suite...
Started game 1 of 98 (Debate vs Ensemble)
Started game 5 of 98 (Debate vs Ensemble)
Started game 4 of 98 (Ensemble vs Debate)
Started game 3 of 98 (Debate vs Ensemble)
Started game 2 of 98 (Ensemble vs Debate)
Started game 6 of 98 (Ensemble vs Debate)
Finished game 3 (Debate vs Ensemble): 1-0 {White mates}
Started game 7 of 98 (Debate vs Ensemble)
Finished game 1 (Debate vs Ensemble): 0-1 {Black mates}
Started game 8 of 98 (Ensemble vs Debate)
Finished game 5 (Debate vs Ensemble): 0-1 {Black mates}
Started game 9 of 98 (Debate vs Ensemble)
Finished game 6 (Ensemble vs Debate): 1-0 {White mates}
Started game 10 of 98 (Ensemble vs Debate)
Finished game 2 (Ensemble vs Debate): 0-1 {Black mates}
Started game 11 of 98 (Debate vs Ensemble)
Finished game 7 (Debate vs Ensemble): 0-1 {Black mates}
Started game 12 of 98 (Ensemble vs Debate)
Finished game 4 (Ensemble vs Debate): 1-0 {White mates}
Started game 13 of 98 (Debate vs Ensemble)
Finished game 13 (Debate vs Ensemble): 1-0 {White mates}
Started game 14 of 98 (Ensemble vs Debate)
Finished game 10 (Ensemble vs Debate): 0-1 {Black mates}
Started game 15 of 98 (Debate vs Ensemble)
Finished game 11 (Debate vs Ensemble): 0-1 {Black mates}
Started game 16 of 98 (Ensemble vs Debate)
Finished game 8 (Ensemble vs Debate): 1-0 {White mates}
Started game 17 of 98 (Debate vs Ensemble)
Finished game 9 (Debate vs Ensemble): 1-0 {White mates}
Started game 18 of 98 (Ensemble vs Debate)
Warning; PV continues after threefold repetition - move e4d3 from Ensemble
Info; info depth 5 score cp 0 nodes 3777 pv e4d3 e2b2 d3e4 b2e2 e4d3
Position; fen rnb1k2r/p2p1ppp/4pn2/q7/1bpP4/4PN2/PPB2PPP/RNBQ1RK1 w kq - 0 9
Moves; b1d2 d7d5 f3e5 b8d7 e5c6 a5b6 c6b4 b6b4 a2a3 b4d6 d1f3 c8a6 f3g3 d6g3 h2g3 c4c3 b2c3 a6f1 g1f1 f6g4 c3c4 d5c4 d2c4 e8g8 c1d2 a8c8 c2d3 f7f5 f2f3 g4f6 d2b4 f8d8 c4d6 c8c7 d3c4 f6d5 c4d5 e6d5 d6f5 g8h8 b4e7 d8e8 g3g4 g7g6 e7d6 c7c6 f5h6 e8e3 f1f2 e3e8 g4g5 a7a6 a1b1 h8g7 d6f4 c6c2 f2g1 e8e2 b1b7 e2e7 f4d6 c2c1 g1h2 c1e1 b7a7 a6a5 d6e7 e1e7 a7a8 d7f8 a3a4 e7d7 a8a6 d7d8 h6g4 f8d7 g4e3 g7h8 a6a5 d7b6 a5b5 b6a4 e3d5 a4b2 b5b2 d8d5 b2d2 d5g5 d4d5 g5h5 h2g1 h5e5 d5d6 e5e8 d6d7 e8d8 g1f2 h8g7 f2e3 g7f6 g2g4 f6e6 f3f4 e6e7 d2h2 d8h8 f4f5 g6f5 g4f5 e7d7 f5f6 d7e6 h2h6 h8f8 h6h7 e6f6 e3d4 f8d8 d4e4 d8e8 e4d5 e8d8 d5e4 d8e8 e4f4 f6e6 h7h1 e8f8 f4e4 e6d6 h1d1 d6c6 d1c1 c6d6 c1b1 f8f2 b1b7 f2g2 b7f7 g2d2 f7g7 d2e2 e4d4 e2d2 d4e3 d2b2 e3d4 b2d2 d4e4 d2e2
Warning; PV continues after threefold repetition - move e4d3 from Ensemble
Info; info depth 6 score cp 0 nodes 7879 pv e4d3 e2b2 d3e4 b2e2 e4d3 e2b2
Position; fen rnb1k2r/p2p1ppp/4pn2/q7/1bpP4/4PN2/PPB2PPP/RNBQ1RK1 w kq - 0 9
Moves; b1d2 d7d5 f3e5 b8d7 e5c6 a5b6 c6b4 b6b4 a2a3 b4d6 d1f3 c8a6 f3g3 d6g3 h2g3 c4c3 b2c3 a6f1 g1f1 f6g4 c3c4 d5c4 d2c4 e8g8 c1d2 a8c8 c2d3 f7f5 f2f3 g4f6 d2b4 f8d8 c4d6 c8c7 d3c4 f6d5 c4d5 e6d5 d6f5 g8h8 b4e7 d8e8 g3g4 g7g6 e7d6 c7c6 f5h6 e8e3 f1f2 e3e8 g4g5 a7a6 a1b1 h8g7 d6f4 c6c2 f2g1 e8e2 b1b7 e2e7 f4d6 c2c1 g1h2 c1e1 b7a7 a6a5 d6e7 e1e7 a7a8 d7f8 a3a4 e7d7 a8a6 d7d8 h6g4 f8d7 g4e3 g7h8 a6a5 d7b6 a5b5 b6a4 e3d5 a4b2 b5b2 d8d5 b2d2 d5g5 d4d5 g5h5 h2g1 h5e5 d5d6 e5e8 d6d7 e8d8 g1f2 h8g7 f2e3 g7f6 g2g4 f6e6 f3f4 e6e7 d2h2 d8h8 f4f5 g6f5 g4f5 e7d7 f5f6 d7e6 h2h6 h8f8 h6h7 e6f6 e3d4 f8d8 d4e4 d8e8 e4d5 e8d8 d5e4 d8e8 e4f4 f6e6 h7h1 e8f8 f4e4 e6d6 h1d1 d6c6 d1c1 c6d6 c1b1 f8f2 b1b7 f2g2 b7f7 g2d2 f7g7 d2e2 e4d4 e2d2 d4e3 d2b2 e3d4 b2d2 d4e4 d2e2
Finished game 12 (Ensemble vs Debate): 1/2-1/2 {Draw by 3-fold repetition}
Started game 19 of 98 (Debate vs Ensemble)
Finished game 15 (Debate vs Ensemble): 1-0 {White mates}
Started game 20 of 98 (Ensemble vs Debate)
Finished game 17 (Debate vs Ensemble): 1-0 {White mates}
Started game 21 of 98 (Debate vs Ensemble)
Finished game 16 (Ensemble vs Debate): 1-0 {White mates}
Started game 22 of 98 (Ensemble vs Debate)
Finished game 14 (Ensemble vs Debate): 1-0 {White mates}
Started game 23 of 98 (Debate vs Ensemble)
Finished game 19 (Debate vs Ensemble): 1-0 {White mates}
Started game 24 of 98 (Ensemble vs Debate)
Finished game 18 (Ensemble vs Debate): 1-0 {White mates}
Started game 25 of 98 (Debate vs Ensemble)
Finished game 22 (Ensemble vs Debate): 0-1 {Black mates}
Started game 26 of 98 (Ensemble vs Debate)
Finished game 23 (Debate vs Ensemble): 0-1 {Black mates}
Started game 27 of 98 (Debate vs Ensemble)
Finished game 21 (Debate vs Ensemble): 0-1 {Black mates}
Started game 28 of 98 (Ensemble vs Debate)
Finished game 20 (Ensemble vs Debate): 0-1 {Black mates}
--------------------------------------------------
Results of Debate vs Ensemble (10+0.1, NULL, NULL, 8mvs_+90_+99.epd):
Elo: -15.80 +/- 133.83, nElo: -18.01 +/- 145.18
LOS: 40.39 %, DrawRatio: 54.55 %, PairsRatio: 0.67
Games: 22, Wins: 10, Losses: 11, Draws: 1, Points: 10.5 (47.73 %)
Ptnml(0-2): [2, 1, 6, 0, 2], WL/DD Ratio: inf
--------------------------------------------------
Started game 29 of 98 (Debate vs Ensemble)
Finished game 28 (Ensemble vs Debate): 1-0 {White mates}
Started game 30 of 98 (Ensemble vs Debate)
Finished game 24 (Ensemble vs Debate): 1-0 {White mates}
Started game 31 of 98 (Debate vs Ensemble)
Finished game 29 (Debate vs Ensemble): 1-0 {White mates}
Started game 32 of 98 (Ensemble vs Debate)
Finished game 31 (Debate vs Ensemble): 1-0 {White mates}
Started game 33 of 98 (Debate vs Ensemble)
Finished game 25 (Debate vs Ensemble): 0-1 {Black mates}
Started game 34 of 98 (Ensemble vs Debate)
Finished game 26 (Ensemble vs Debate): 1-0 {White mates}
Started game 35 of 98 (Debate vs Ensemble)
Finished game 27 (Debate vs Ensemble): 0-1 {Black mates}
Started game 36 of 98 (Ensemble vs Debate)
Finished game 33 (Debate vs Ensemble): 0-1 {Black mates}
Started game 37 of 98 (Debate vs Ensemble)
Finished game 30 (Ensemble vs Debate): 1-0 {White mates}
Started game 38 of 98 (Ensemble vs Debate)
Finished game 32 (Ensemble vs Debate): 1-0 {White mates}
Started game 39 of 98 (Debate vs Ensemble)
Finished game 34 (Ensemble vs Debate): 1-0 {White mates}
Started game 40 of 98 (Ensemble vs Debate)
Finished game 35 (Debate vs Ensemble): 0-1 {Black mates}
Started game 41 of 98 (Debate vs Ensemble)
Finished game 36 (Ensemble vs Debate): 1-0 {White mates}
Started game 42 of 98 (Ensemble vs Debate)
Finished game 37 (Debate vs Ensemble): 0-1 {Black mates}
Started game 43 of 98 (Debate vs Ensemble)
Finished game 38 (Ensemble vs Debate): 1-0 {White mates}
Started game 44 of 98 (Ensemble vs Debate)
Finished game 39 (Debate vs Ensemble): 1-0 {White mates}
Started game 45 of 98 (Debate vs Ensemble)
Finished game 41 (Debate vs Ensemble): 1/2-1/2 {Draw by 3-fold repetition}
Started game 46 of 98 (Ensemble vs Debate)
Finished game 43 (Debate vs Ensemble): 1-0 {White mates}
Started game 47 of 98 (Debate vs Ensemble)
Finished game 40 (Ensemble vs Debate): 0-1 {Black mates}
--------------------------------------------------
Results of Debate vs Ensemble (10+0.1, NULL, NULL, 8mvs_+90_+99.epd):
Elo: -98.07 +/- 120.64, nElo: -96.82 +/- 107.67
LOS: 3.90 %, DrawRatio: 40.00 %, PairsRatio: 0.33
Games: 40, Wins: 14, Losses: 25, Draws: 1, Points: 14.5 (36.25 %)
Ptnml(0-2): [8, 1, 8, 0, 3], WL/DD Ratio: inf
--------------------------------------------------
Started game 48 of 98 (Ensemble vs Debate)
Finished game 46 (Ensemble vs Debate): 1-0 {White mates}
Started game 49 of 98 (Debate vs Ensemble)
Finished game 44 (Ensemble vs Debate): 1-0 {White mates}
Started game 50 of 98 (Ensemble vs Debate)
Finished game 47 (Debate vs Ensemble): 1-0 {White mates}
Started game 51 of 98 (Debate vs Ensemble)
Finished game 45 (Debate vs Ensemble): 1-0 {White mates}
Started game 52 of 98 (Ensemble vs Debate)
Finished game 42 (Ensemble vs Debate): 1/2-1/2 {Draw by fifty moves rule}
Started game 53 of 98 (Debate vs Ensemble)
Finished game 48 (Ensemble vs Debate): 0-1 {Black mates}
Started game 54 of 98 (Ensemble vs Debate)
Finished game 51 (Debate vs Ensemble): 0-1 {Black mates}
Started game 55 of 98 (Debate vs Ensemble)
Finished game 50 (Ensemble vs Debate): 1-0 {White mates}
Started game 56 of 98 (Ensemble vs Debate)
Finished game 49 (Debate vs Ensemble): 0-1 {Black mates}
Started game 57 of 98 (Debate vs Ensemble)
Finished game 52 (Ensemble vs Debate): 1/2-1/2 {Draw by 3-fold repetition}
Started game 58 of 98 (Ensemble vs Debate)
Finished game 53 (Debate vs Ensemble): 0-1 {Black mates}
Started game 59 of 98 (Debate vs Ensemble)
Finished game 54 (Ensemble vs Debate): 1-0 {White mates}
Started game 60 of 98 (Ensemble vs Debate)
Finished game 58 (Ensemble vs Debate): 1-0 {White mates}
Started game 61 of 98 (Debate vs Ensemble)
Finished game 56 (Ensemble vs Debate): 1-0 {White mates}
Started game 62 of 98 (Ensemble vs Debate)
Finished game 55 (Debate vs Ensemble): 0-1 {Black mates}
Started game 63 of 98 (Debate vs Ensemble)
Finished game 57 (Debate vs Ensemble): 0-1 {Black mates}
Started game 64 of 98 (Ensemble vs Debate)
Finished game 62 (Ensemble vs Debate): 1-0 {White mates}
Started game 65 of 98 (Debate vs Ensemble)
Finished game 61 (Debate vs Ensemble): 0-1 {Black mates}
Started game 66 of 98 (Ensemble vs Debate)
Finished game 59 (Debate vs Ensemble): 1-0 {White mates}
Started game 67 of 98 (Debate vs Ensemble)
Finished game 60 (Ensemble vs Debate): 1/2-1/2 {Draw by insufficient mating material}
--------------------------------------------------
Results of Debate vs Ensemble (10+0.1, NULL, NULL, 8mvs_+90_+99.epd):
Elo: -110.01 +/- 96.48, nElo: -108.82 +/- 86.48
LOS: 0.68 %, DrawRatio: 35.48 %, PairsRatio: 0.33
Games: 62, Wins: 19, Losses: 38, Draws: 5, Points: 21.5 (34.68 %)
Ptnml(0-2): [13, 2, 11, 1, 4], WL/DD Ratio: 10.00
--------------------------------------------------
Started game 68 of 98 (Ensemble vs Debate)
Finished game 63 (Debate vs Ensemble): 0-1 {Black mates}
Started game 69 of 98 (Debate vs Ensemble)
Finished game 65 (Debate vs Ensemble): 0-1 {Black mates}
Started game 70 of 98 (Ensemble vs Debate)
Finished game 64 (Ensemble vs Debate): 1-0 {White mates}
Started game 71 of 98 (Debate vs Ensemble)
Finished game 66 (Ensemble vs Debate): 0-1 {Black mates}
Started game 72 of 98 (Ensemble vs Debate)
Finished game 71 (Debate vs Ensemble): 0-1 {Black mates}
Started game 73 of 98 (Debate vs Ensemble)
Finished game 69 (Debate vs Ensemble): 1/2-1/2 {Draw by insufficient mating material}
Started game 74 of 98 (Ensemble vs Debate)
Finished game 72 (Ensemble vs Debate): 1-0 {White mates}
Started game 75 of 98 (Debate vs Ensemble)
Finished game 68 (Ensemble vs Debate): 0-1 {Black mates}
Started game 76 of 98 (Ensemble vs Debate)
Finished game 70 (Ensemble vs Debate): 1/2-1/2 {Draw by insufficient mating material}
Started game 77 of 98 (Debate vs Ensemble)
Finished game 73 (Debate vs Ensemble): 1-0 {White mates}
Started game 78 of 98 (Ensemble vs Debate)
Finished game 75 (Debate vs Ensemble): 0-1 {Black mates}
Started game 79 of 98 (Debate vs Ensemble)
Finished game 67 (Debate vs Ensemble): 1/2-1/2 {Draw by 3-fold repetition}
Started game 80 of 98 (Ensemble vs Debate)
Finished game 74 (Ensemble vs Debate): 1-0 {White mates}
Started game 81 of 98 (Debate vs Ensemble)
Finished game 76 (Ensemble vs Debate): 1-0 {White mates}
Started game 82 of 98 (Ensemble vs Debate)
Finished game 78 (Ensemble vs Debate): 1-0 {White mates}
Started game 83 of 98 (Debate vs Ensemble)
Finished game 80 (Ensemble vs Debate): 0-1 {Black mates}
Started game 84 of 98 (Ensemble vs Debate)
Finished game 79 (Debate vs Ensemble): 1-0 {White mates}
--------------------------------------------------
Results of Debate vs Ensemble (10+0.1, NULL, NULL, 8mvs_+90_+99.epd):
Elo: -100.72 +/- 84.48, nElo: -99.54 +/- 77.10
LOS: 0.57 %, DrawRatio: 35.90 %, PairsRatio: 0.39
Games: 78, Wins: 24, Losses: 46, Draws: 8, Points: 28.0 (35.90 %)
Ptnml(0-2): [16, 2, 14, 2, 5], WL/DD Ratio: 6.00
--------------------------------------------------
Started game 85 of 98 (Debate vs Ensemble)
Finished game 77 (Debate vs Ensemble): 0-1 {Black mates}
Started game 86 of 98 (Ensemble vs Debate)
Finished game 81 (Debate vs Ensemble): 1-0 {White mates}
Started game 87 of 98 (Debate vs Ensemble)
Finished game 83 (Debate vs Ensemble): 1-0 {White mates}
Started game 88 of 98 (Ensemble vs Debate)
Finished game 85 (Debate vs Ensemble): 0-1 {Black mates}
Started game 89 of 98 (Debate vs Ensemble)
Finished game 82 (Ensemble vs Debate): 1-0 {White mates}
Started game 90 of 98 (Ensemble vs Debate)
Finished game 86 (Ensemble vs Debate): 1-0 {White mates}
Started game 91 of 98 (Debate vs Ensemble)
Finished game 87 (Debate vs Ensemble): 1-0 {White mates}
Started game 92 of 98 (Ensemble vs Debate)
Finished game 88 (Ensemble vs Debate): 1-0 {White mates}
Started game 93 of 98 (Debate vs Ensemble)
Finished game 84 (Ensemble vs Debate): 1-0 {White mates}
Started game 94 of 98 (Ensemble vs Debate)
Finished game 92 (Ensemble vs Debate): 1-0 {White mates}
Started game 95 of 98 (Debate vs Ensemble)
Finished game 91 (Debate vs Ensemble): 1-0 {White mates}
Started game 96 of 98 (Ensemble vs Debate)
Finished game 89 (Debate vs Ensemble): 1/2-1/2 {Draw by 3-fold repetition}
Started game 97 of 98 (Debate vs Ensemble)
Finished game 90 (Ensemble vs Debate): 0-1 {Black mates}
Started game 98 of 98 (Ensemble vs Debate)
Finished game 94 (Ensemble vs Debate): 1-0 {White mates}
Finished game 93 (Debate vs Ensemble): 1-0 {White mates}
Finished game 95 (Debate vs Ensemble): 0-1 {Black mates}
Finished game 96 (Ensemble vs Debate): 1-0 {White mates}
Finished game 98 (Ensemble vs Debate): 1-0 {White mates}
Finished game 97 (Debate vs Ensemble): 0-1 {Black mates}
--------------------------------------------------
Results of Debate vs Ensemble (10+0.1, NULL, NULL, 8mvs_+90_+99.epd):
Elo: -105.98 +/- 72.69, nElo: -108.60 +/- 68.79
LOS: 0.10 %, DrawRatio: 38.78 %, PairsRatio: 0.36
Games: 98, Wins: 30, Losses: 59, Draws: 9, Points: 34.5 (35.20 %)
Ptnml(0-2): [20, 2, 19, 3, 5], WL/DD Ratio: 8.50
--------------------------------------------------
Finished match
Total Time: 00:06:11 (hours:minutes:seconds)

